{
  "numTotalTestSuites": 24,
  "numPassedTestSuites": 24,
  "numFailedTestSuites": 0,
  "numPendingTestSuites": 0,
  "numTotalTests": 38,
  "numPassedTests": 38,
  "numFailedTests": 0,
  "numPendingTests": 0,
  "numTodoTests": 0,
  "snapshot": {
    "added": 0,
    "failure": false,
    "filesAdded": 0,
    "filesRemoved": 0,
    "filesRemovedList": [],
    "filesUnmatched": 0,
    "filesUpdated": 0,
    "matched": 0,
    "total": 0,
    "unchecked": 0,
    "uncheckedKeysByFile": [],
    "unmatched": 0,
    "updated": 0,
    "didUpdate": false
  },
  "startTime": 1785944353459,
  "success": true,
  "testResults": [
    {
      "assertionResults": [
        {
          "ancestorTitles": ["parcours d’interface de campagne"],
          "fullName": "parcours d’interface de campagne ouvre le sélecteur des partis existants",
          "status": "passed",
          "title": "ouvre le sélecteur des partis existants",
          "duration": 342.4336000000003,
          "failureMessages": [],
          "meta": {},
          "tags": []
        },
        {
          "ancestorTitles": ["parcours d’interface de campagne"],
          "fullName": "parcours d’interface de campagne construit un parti personnalisé complet avec les réponses par défaut",
          "status": "passed",
          "title": "construit un parti personnalisé complet avec les réponses par défaut",
          "duration": 849.7713999999996,
          "failureMessages": [],
          "meta": {},
          "tags": []
        },
        {
          "ancestorTitles": ["parcours d’interface de campagne"],
          "fullName": "parcours d’interface de campagne résout une carte événement ordinaire et affiche la conséquence",
          "status": "passed",
          "title": "résout une carte événement ordinaire et affiche la conséquence",
          "duration": 241.45919999999933,
          "failureMessages": [],
          "meta": {},
          "tags": []
        },
        {
          "ancestorTitles": ["parcours d’interface de campagne"],
          "fullName": "parcours d’interface de campagne fait contribuer les trois manches d’un débat à la réponse finale",
          "status": "passed",
          "title": "fait contribuer les trois manches d’un débat à la réponse finale",
          "duration": 217.84729999999945,
          "failureMessages": [],
          "meta": {},
          "tags": []
        }
      ],
      "startTime": 1785944361417,
      "endTime": 1785944363068.8474,
      "status": "passed",
      "message": "",
      "name": "D:/Project_claude_code/political-destiny/src/features/campaign/__tests__/campaign-ui.test.tsx"
    },
    {
      "assertionResults": [
        {
          "ancestorTitles": ["parti personnalisé"],
          "fullName": "parti personnalisé dérive un parti valide depuis les réponses",
          "status": "passed",
          "title": "dérive un parti valide depuis les réponses",
          "duration": 12.123400000000402,
          "failureMessages": [],
          "meta": {},
          "tags": []
        }
      ],
      "startTime": 1785944360460,
      "endTime": 1785944360472.1233,
      "status": "passed",
      "message": "",
      "name": "D:/Project_claude_code/political-destiny/src/game/data/__tests__/customParty.test.ts"
    },
    {
      "assertionResults": [
        {
          "ancestorTitles": ["contenu de production"],
          "fullName": "contenu de production respecte les minima structurels et éditoriaux",
          "status": "passed",
          "title": "respecte les minima structurels et éditoriaux",
          "duration": 92.40429999999924,
          "failureMessages": [],
          "meta": {},
          "tags": []
        },
        {
          "ancestorTitles": ["contenu de production"],
          "fullName": "contenu de production termine une campagne déterministe avec lfi",
          "status": "passed",
          "title": "termine une campagne déterministe avec lfi",
          "duration": 218.3767000000007,
          "failureMessages": [],
          "meta": {},
          "tags": []
        },
        {
          "ancestorTitles": ["contenu de production"],
          "fullName": "contenu de production termine une campagne déterministe avec ps",
          "status": "passed",
          "title": "termine une campagne déterministe avec ps",
          "duration": 223.38640000000032,
          "failureMessages": [],
          "meta": {},
          "tags": []
        },
        {
          "ancestorTitles": ["contenu de production"],
          "fullName": "contenu de production termine une campagne déterministe avec ecologistes",
          "status": "passed",
          "title": "termine une campagne déterministe avec ecologistes",
          "duration": 148.92430000000058,
          "failureMessages": [],
          "meta": {},
          "tags": []
        },
        {
          "ancestorTitles": ["contenu de production"],
          "fullName": "contenu de production termine une campagne déterministe avec renaissance",
          "status": "passed",
          "title": "termine une campagne déterministe avec renaissance",
          "duration": 155.0673000000006,
          "failureMessages": [],
          "meta": {},
          "tags": []
        },
        {
          "ancestorTitles": ["contenu de production"],
          "fullName": "contenu de production termine une campagne déterministe avec horizons",
          "status": "passed",
          "title": "termine une campagne déterministe avec horizons",
          "duration": 127.77350000000024,
          "failureMessages": [],
          "meta": {},
          "tags": []
        },
        {
          "ancestorTitles": ["contenu de production"],
          "fullName": "contenu de production termine une campagne déterministe avec lr",
          "status": "passed",
          "title": "termine une campagne déterministe avec lr",
          "duration": 131.48720000000048,
          "failureMessages": [],
          "meta": {},
          "tags": []
        },
        {
          "ancestorTitles": ["contenu de production"],
          "fullName": "contenu de production termine une campagne déterministe avec rn",
          "status": "passed",
          "title": "termine une campagne déterministe avec rn",
          "duration": 160.58090000000084,
          "failureMessages": [],
          "meta": {},
          "tags": []
        },
        {
          "ancestorTitles": ["contenu de production"],
          "fullName": "contenu de production termine une campagne déterministe avec reconquete",
          "status": "passed",
          "title": "termine une campagne déterministe avec reconquete",
          "duration": 149.66430000000037,
          "failureMessages": [],
          "meta": {},
          "tags": []
        },
        {
          "ancestorTitles": ["contenu de production"],
          "fullName": "contenu de production termine une campagne déterministe avec nouvelle_energie",
          "status": "passed",
          "title": "termine une campagne déterministe avec nouvelle_energie",
          "duration": 141.2526999999991,
          "failureMessages": [],
          "meta": {},
          "tags": []
        }
      ],
      "startTime": 1785944360614,
      "endTime": 1785944362165.2527,
      "status": "passed",
      "message": "",
      "name": "D:/Project_claude_code/political-destiny/src/game/data/__tests__/productionContent.test.ts"
    },
    {
      "assertionResults": [
        {
          "ancestorTitles": ["schéma de contenu"],
          "fullName": "schéma de contenu valide une bibliothèque complète conforme",
          "status": "passed",
          "title": "valide une bibliothèque complète conforme",
          "duration": 22.600899999999456,
          "failureMessages": [],
          "meta": {},
          "tags": []
        },
        {
          "ancestorTitles": ["schéma de contenu"],
          "fullName": "schéma de contenu refuse les poids négatifs",
          "status": "passed",
          "title": "refuse les poids négatifs",
          "duration": 5.582800000000134,
          "failureMessages": [],
          "meta": {},
          "tags": []
        }
      ],
      "startTime": 1785944360288,
      "endTime": 1785944360316.5828,
      "status": "passed",
      "message": "",
      "name": "D:/Project_claude_code/political-destiny/src/game/schemas/__tests__/content.test.ts"
    },
    {
      "assertionResults": [
        {
          "ancestorTitles": ["effets de jeu"],
          "fullName": "effets de jeu borne les valeurs visibles et idéologiques",
          "status": "passed",
          "title": "borne les valeurs visibles et idéologiques",
          "duration": 9.165100000000166,
          "failureMessages": [],
          "meta": {},
          "tags": []
        },
        {
          "ancestorTitles": ["effets de jeu"],
          "fullName": "effets de jeu exécute un effet différé une seule fois au bon index",
          "status": "passed",
          "title": "exécute un effet différé une seule fois au bon index",
          "duration": 3.551300000000083,
          "failureMessages": [],
          "meta": {},
          "tags": []
        },
        {
          "ancestorTitles": ["effets de jeu"],
          "fullName": "effets de jeu forme une alliance symétrique",
          "status": "passed",
          "title": "forme une alliance symétrique",
          "duration": 2.9975000000004,
          "failureMessages": [],
          "meta": {},
          "tags": []
        }
      ],
      "startTime": 1785944360198,
      "endTime": 1785944360213.9976,
      "status": "passed",
      "message": "",
      "name": "D:/Project_claude_code/political-destiny/src/game/engine/__tests__/effects.test.ts"
    },
    {
      "assertionResults": [
        {
          "ancestorTitles": ["élections"],
          "fullName": "élections produit un premier tour à 100 et deux finalistes distincts",
          "status": "passed",
          "title": "produit un premier tour à 100 et deux finalistes distincts",
          "duration": 22.40219999999954,
          "failureMessages": [],
          "meta": {},
          "tags": []
        },
        {
          "ancestorTitles": ["élections"],
          "fullName": "élections produit un second tour valide et déterministe",
          "status": "passed",
          "title": "produit un second tour valide et déterministe",
          "duration": 4.829600000000028,
          "failureMessages": [],
          "meta": {},
          "tags": []
        }
      ],
      "startTime": 1785944360201,
      "endTime": 1785944360227.8296,
      "status": "passed",
      "message": "",
      "name": "D:/Project_claude_code/political-destiny/src/game/engine/__tests__/election.test.ts"
    },
    {
      "assertionResults": [
        {
          "ancestorTitles": ["pipeline complet"],
          "fullName": "pipeline complet rejoue la même campagne avec la même graine et les mêmes choix",
          "status": "passed",
          "title": "rejoue la même campagne avec la même graine et les mêmes choix",
          "duration": 233.42410000000018,
          "failureMessages": [],
          "meta": {},
          "tags": []
        },
        {
          "ancestorTitles": ["pipeline complet"],
          "fullName": "pipeline complet termine des campagnes variées sans état invalide",
          "status": "passed",
          "title": "termine des campagnes variées sans état invalide",
          "duration": 5941.773899999999,
          "failureMessages": [],
          "meta": {},
          "tags": []
        }
      ],
      "startTime": 1785944360220,
      "endTime": 1785944366395.774,
      "status": "passed",
      "message": "",
      "name": "D:/Project_claude_code/political-destiny/src/game/engine/__tests__/game.test.ts"
    },
    {
      "assertionResults": [
        {
          "ancestorTitles": ["outils probabilistes"],
          "fullName": "outils probabilistes normalise softmax à 1",
          "status": "passed",
          "title": "normalise softmax à 1",
          "duration": 3.123600000000806,
          "failureMessages": [],
          "meta": {},
          "tags": []
        },
        {
          "ancestorTitles": ["outils probabilistes"],
          "fullName": "outils probabilistes corrige l’arrondi électoral à exactement 100",
          "status": "passed",
          "title": "corrige l’arrondi électoral à exactement 100",
          "duration": 70.22820000000047,
          "failureMessages": [],
          "meta": {},
          "tags": []
        }
      ],
      "startTime": 1785944360416,
      "endTime": 1785944360490.2283,
      "status": "passed",
      "message": "",
      "name": "D:/Project_claude_code/political-destiny/src/game/engine/__tests__/math.test.ts"
    },
    {
      "assertionResults": [
        {
          "ancestorTitles": ["adversaires"],
          "fullName": "adversaires agit sans modifier le parti joueur",
          "status": "passed",
          "title": "agit sans modifier le parti joueur",
          "duration": 10.59060000000045,
          "failureMessages": [],
          "meta": {},
          "tags": []
        },
        {
          "ancestorTitles": ["adversaires"],
          "fullName": "adversaires remplace un candidat retiré par un cadre fictif",
          "status": "passed",
          "title": "remplace un candidat retiré par un cadre fictif",
          "duration": 2.7687000000005355,
          "failureMessages": [],
          "meta": {},
          "tags": []
        },
        {
          "ancestorTitles": ["adversaires"],
          "fullName": "adversaires crée une dissidence conduite par un acteur fictif",
          "status": "passed",
          "title": "crée une dissidence conduite par un acteur fictif",
          "duration": 2.5964999999996508,
          "failureMessages": [],
          "meta": {},
          "tags": []
        }
      ],
      "startTime": 1785944360198,
      "endTime": 1785944360214.5964,
      "status": "passed",
      "message": "",
      "name": "D:/Project_claude_code/political-destiny/src/game/engine/__tests__/opponents.test.ts"
    },
    {
      "assertionResults": [
        {
          "ancestorTitles": ["résolution d’issue"],
          "fullName": "résolution d’issue normalise les probabilités et journalise un tirage borné",
          "status": "passed",
          "title": "normalise les probabilités et journalise un tirage borné",
          "duration": 11.161299999999756,
          "failureMessages": [],
          "meta": {},
          "tags": []
        },
        {
          "ancestorTitles": ["résolution d’issue"],
          "fullName": "résolution d’issue favorise réellement une issue grâce aux statistiques",
          "status": "passed",
          "title": "favorise réellement une issue grâce aux statistiques",
          "duration": 2.162899999999354,
          "failureMessages": [],
          "meta": {},
          "tags": []
        }
      ],
      "startTime": 1785944360200,
      "endTime": 1785944360213.1628,
      "status": "passed",
      "message": "",
      "name": "D:/Project_claude_code/political-destiny/src/game/engine/__tests__/outcomes.test.ts"
    },
    {
      "assertionResults": [
        {
          "ancestorTitles": ["PRNG déterministe"],
          "fullName": "PRNG déterministe rejoue exactement la même suite avec la même graine",
          "status": "passed",
          "title": "rejoue exactement la même suite avec la même graine",
          "duration": 3.766200000000026,
          "failureMessages": [],
          "meta": {},
          "tags": []
        },
        {
          "ancestorTitles": ["PRNG déterministe"],
          "fullName": "PRNG déterministe produit une autre suite pour une autre graine",
          "status": "passed",
          "title": "produit une autre suite pour une autre graine",
          "duration": 0.5654999999997017,
          "failureMessages": [],
          "meta": {},
          "tags": []
        },
        {
          "ancestorTitles": ["PRNG déterministe"],
          "fullName": "PRNG déterministe ignore les poids invalides sans sortir des bornes",
          "status": "passed",
          "title": "ignore les poids invalides sans sortir des bornes",
          "duration": 0.5881000000003951,
          "failureMessages": [],
          "meta": {},
          "tags": []
        }
      ],
      "startTime": 1785944364098,
      "endTime": 1785944364103.5881,
      "status": "passed",
      "message": "",
      "name": "D:/Project_claude_code/political-destiny/src/game/engine/__tests__/rng.test.ts"
    },
    {
      "assertionResults": [
        {
          "ancestorTitles": ["stockage local"],
          "fullName": "stockage local sauvegarde et recharge une partie active sans modifier son état",
          "status": "passed",
          "title": "sauvegarde et recharge une partie active sans modifier son état",
          "duration": 41.90759999999955,
          "failureMessages": [],
          "meta": {},
          "tags": []
        },
        {
          "ancestorTitles": ["stockage local"],
          "fullName": "stockage local archive une partie terminée et consolide le profil local",
          "status": "passed",
          "title": "archive une partie terminée et consolide le profil local",
          "duration": 320.5816999999997,
          "failureMessages": [],
          "meta": {},
          "tags": []
        },
        {
          "ancestorTitles": ["stockage local"],
          "fullName": "stockage local exporte puis réimporte une sauvegarde et ses archives",
          "status": "passed",
          "title": "exporte puis réimporte une sauvegarde et ses archives",
          "duration": 235.28119999999944,
          "failureMessages": [],
          "meta": {},
          "tags": []
        },
        {
          "ancestorTitles": ["stockage local"],
          "fullName": "stockage local refuse un fichier qui ne correspond pas au format public",
          "status": "passed",
          "title": "refuse un fichier qui ne correspond pas au format public",
          "duration": 2.690599999999904,
          "failureMessages": [],
          "meta": {},
          "tags": []
        }
      ],
      "startTime": 1785944360254,
      "endTime": 1785944360854.6907,
      "status": "passed",
      "message": "",
      "name": "D:/Project_claude_code/political-destiny/src/lib/storage/__tests__/game-database.test.ts"
    }
  ],
  "coverageMap": {
    "D:\\Project_claude_code\\political-destiny\\src\\config\\game.ts": {
      "path": "D:\\Project_claude_code\\political-destiny\\src\\config\\game.ts",
      "statementMap": {
        "0": { "start": { "line": 1, "column": 27 }, "end": { "line": 12, "column": null } }
      },
      "fnMap": {},
      "branchMap": {},
      "s": { "0": 8 },
      "f": {},
      "b": {},
      "meta": {
        "lastBranch": 0,
        "lastFunction": 0,
        "lastStatement": 1,
        "seen": { "s:1:27:12:Infinity": 0 },
        "fnNames": {}
      }
    },
    "D:\\Project_claude_code\\political-destiny\\src\\components\\game\\stat-gauge.tsx": {
      "path": "D:\\Project_claude_code\\political-destiny\\src\\components\\game\\stat-gauge.tsx",
      "statementMap": {
        "0": { "start": { "line": 14, "column": 18 }, "end": { "line": 14, "column": null } },
        "1": { "start": { "line": 16, "column": 4 }, "end": { "line": 20, "column": null } },
        "2": { "start": { "line": 21, "column": 2 }, "end": { "line": 47, "column": null } }
      },
      "fnMap": {
        "0": {
          "name": "StatGauge",
          "decl": { "start": { "line": 3, "column": 16 }, "end": { "line": 3, "column": 26 } },
          "loc": { "start": { "line": 13, "column": 3 }, "end": { "line": 49, "column": null } },
          "line": 13
        }
      },
      "branchMap": {
        "0": {
          "loc": { "start": { "line": 6, "column": 2 }, "end": { "line": 6, "column": null } },
          "type": "default-arg",
          "locations": [
            { "start": { "line": 6, "column": 11 }, "end": { "line": 6, "column": null } }
          ],
          "line": 6
        },
        "1": {
          "loc": { "start": { "line": 7, "column": 2 }, "end": { "line": 7, "column": null } },
          "type": "default-arg",
          "locations": [
            { "start": { "line": 7, "column": 12 }, "end": { "line": 7, "column": null } }
          ],
          "line": 7
        },
        "2": {
          "loc": { "start": { "line": 14, "column": 44 }, "end": { "line": 14, "column": 78 } },
          "type": "cond-expr",
          "locations": [
            { "start": { "line": 14, "column": 69 }, "end": { "line": 14, "column": 77 } },
            { "start": { "line": 14, "column": 77 }, "end": { "line": 14, "column": 78 } }
          ],
          "line": 14
        },
        "3": {
          "loc": { "start": { "line": 16, "column": 4 }, "end": { "line": 20, "column": null } },
          "type": "cond-expr",
          "locations": [
            { "start": { "line": 17, "column": 8 }, "end": { "line": 17, "column": null } },
            { "start": { "line": 18, "column": 8 }, "end": { "line": 20, "column": null } }
          ],
          "line": 16
        },
        "4": {
          "loc": { "start": { "line": 18, "column": 8 }, "end": { "line": 20, "column": null } },
          "type": "cond-expr",
          "locations": [
            { "start": { "line": 19, "column": 10 }, "end": { "line": 19, "column": null } },
            { "start": { "line": 20, "column": 10 }, "end": { "line": 20, "column": null } }
          ],
          "line": 18
        },
        "5": {
          "loc": { "start": { "line": 22, "column": 34 }, "end": { "line": 22, "column": 69 } },
          "type": "cond-expr",
          "locations": [
            { "start": { "line": 22, "column": 44 }, "end": { "line": 22, "column": 58 } },
            { "start": { "line": 22, "column": 58 }, "end": { "line": 22, "column": 69 } }
          ],
          "line": 22
        },
        "6": {
          "loc": { "start": { "line": 27, "column": 12 }, "end": { "line": 27, "column": null } },
          "type": "cond-expr",
          "locations": [
            { "start": { "line": 27, "column": 22 }, "end": { "line": 27, "column": 41 } },
            { "start": { "line": 27, "column": 41 }, "end": { "line": 27, "column": null } }
          ],
          "line": 27
        },
        "7": {
          "loc": { "start": { "line": 32, "column": 64 }, "end": { "line": 32, "column": 95 } },
          "type": "cond-expr",
          "locations": [
            { "start": { "line": 32, "column": 74 }, "end": { "line": 32, "column": 86 } },
            { "start": { "line": 32, "column": 86 }, "end": { "line": 32, "column": 95 } }
          ],
          "line": 32
        },
        "8": {
          "loc": { "start": { "line": 39, "column": 10 }, "end": { "line": 39, "column": null } },
          "type": "cond-expr",
          "locations": [
            { "start": { "line": 39, "column": 20 }, "end": { "line": 39, "column": 30 } },
            { "start": { "line": 39, "column": 30 }, "end": { "line": 39, "column": null } }
          ],
          "line": 39
        }
      },
      "s": { "0": 0, "1": 0, "2": 0 },
      "f": { "0": 0 },
      "b": {
        "0": [0],
        "1": [0],
        "2": [0, 0],
        "3": [0, 0],
        "4": [0, 0],
        "5": [0, 0],
        "6": [0, 0],
        "7": [0, 0],
        "8": [0, 0]
      },
      "meta": {
        "lastBranch": 9,
        "lastFunction": 1,
        "lastStatement": 3,
        "seen": {
          "f:3:16:3:26": 0,
          "b:6:11:6:Infinity": 0,
          "b:7:12:7:Infinity": 1,
          "s:14:18:14:Infinity": 0,
          "b:14:69:14:77:14:77:14:78": 2,
          "s:16:4:20:Infinity": 1,
          "b:17:8:17:Infinity:18:8:20:Infinity": 3,
          "b:19:10:19:Infinity:20:10:20:Infinity": 4,
          "s:21:2:47:Infinity": 2,
          "b:22:44:22:58:22:58:22:69": 5,
          "b:27:22:27:41:27:41:27:Infinity": 6,
          "b:32:74:32:86:32:86:32:95": 7,
          "b:39:20:39:30:39:30:39:Infinity": 8
        },
        "fnNames": {}
      }
    },
    "D:\\Project_claude_code\\political-destiny\\src\\components\\game\\regional-map.tsx": {
      "path": "D:\\Project_claude_code\\political-destiny\\src\\components\\game\\regional-map.tsx",
      "statementMap": {
        "0": { "start": { "line": 4, "column": 18 }, "end": { "line": 13, "column": null } },
        "1": { "start": { "line": 22, "column": 2 }, "end": { "line": 47, "column": null } },
        "2": { "start": { "line": 29, "column": 24 }, "end": { "line": 29, "column": null } },
        "3": { "start": { "line": 30, "column": 27 }, "end": { "line": 30, "column": null } },
        "4": { "start": { "line": 31, "column": 10 }, "end": { "line": 40, "column": null } }
      },
      "fnMap": {
        "0": {
          "name": "RegionalMap",
          "decl": { "start": { "line": 15, "column": 16 }, "end": { "line": 15, "column": 28 } },
          "loc": { "start": { "line": 21, "column": 3 }, "end": { "line": 49, "column": null } },
          "line": 21
        },
        "1": {
          "name": "(anonymous_1)",
          "decl": { "start": { "line": 28, "column": 17 }, "end": { "line": 28, "column": 22 } },
          "loc": { "start": { "line": 28, "column": 33 }, "end": { "line": 42, "column": 9 } },
          "line": 28
        }
      },
      "branchMap": {
        "0": {
          "loc": { "start": { "line": 35, "column": 40 }, "end": { "line": 35, "column": 80 } },
          "type": "binary-expr",
          "locations": [
            { "start": { "line": 35, "column": 40 }, "end": { "line": 35, "column": 70 } },
            { "start": { "line": 35, "column": 70 }, "end": { "line": 35, "column": 80 } }
          ],
          "line": 35
        },
        "1": {
          "loc": { "start": { "line": 36, "column": 60 }, "end": { "line": 36, "column": null } },
          "type": "binary-expr",
          "locations": [
            { "start": { "line": 36, "column": 60 }, "end": { "line": 36, "column": 82 } },
            { "start": { "line": 36, "column": 82 }, "end": { "line": 36, "column": null } }
          ],
          "line": 36
        }
      },
      "s": { "0": 1, "1": 0, "2": 0, "3": 0, "4": 0 },
      "f": { "0": 0, "1": 0 },
      "b": { "0": [0, 0], "1": [0, 0] },
      "meta": {
        "lastBranch": 2,
        "lastFunction": 2,
        "lastStatement": 5,
        "seen": {
          "s:4:18:13:Infinity": 0,
          "f:15:16:15:28": 0,
          "s:22:2:47:Infinity": 1,
          "f:28:17:28:22": 1,
          "s:29:24:29:Infinity": 2,
          "s:30:27:30:Infinity": 3,
          "s:31:10:40:Infinity": 4,
          "b:35:40:35:70:35:70:35:80": 0,
          "b:36:60:36:82:36:82:36:Infinity": 1
        },
        "fnNames": {}
      }
    },
    "D:\\Project_claude_code\\political-destiny\\src\\components\\ui\\dialog.tsx": {
      "path": "D:\\Project_claude_code\\political-destiny\\src\\components\\ui\\dialog.tsx",
      "statementMap": {
        "0": { "start": { "line": 1, "column": 0 }, "end": { "line": 1, "column": null } },
        "1": { "start": { "line": 24, "column": 2 }, "end": { "line": 49, "column": null } }
      },
      "fnMap": {
        "0": {
          "name": "Dialog",
          "decl": { "start": { "line": 9, "column": 16 }, "end": { "line": 9, "column": 23 } },
          "loc": { "start": { "line": 23, "column": 3 }, "end": { "line": 51, "column": null } },
          "line": 23
        }
      },
      "branchMap": {
        "0": {
          "loc": { "start": { "line": 37, "column": 11 }, "end": { "line": 41, "column": null } },
          "type": "cond-expr",
          "locations": [
            { "start": { "line": 38, "column": 12 }, "end": { "line": 41, "column": null } },
            { "start": { "line": 41, "column": 14 }, "end": { "line": 41, "column": null } }
          ],
          "line": 37
        }
      },
      "s": { "0": 1, "1": 4 },
      "f": { "0": 4 },
      "b": { "0": [4, 0] },
      "meta": {
        "lastBranch": 1,
        "lastFunction": 1,
        "lastStatement": 2,
        "seen": {
          "s:1:0:1:Infinity": 0,
          "f:9:16:9:23": 0,
          "s:24:2:49:Infinity": 1,
          "b:38:12:41:Infinity:41:14:41:Infinity": 0
        },
        "fnNames": {}
      }
    },
    "D:\\Project_claude_code\\political-destiny\\src\\components\\game\\party-mark.tsx": {
      "path": "D:\\Project_claude_code\\political-destiny\\src\\components\\game\\party-mark.tsx",
      "statementMap": {
        "0": { "start": { "line": 17, "column": 25 }, "end": { "line": 17, "column": null } },
        "1": { "start": { "line": 18, "column": 23 }, "end": { "line": 18, "column": null } },
        "2": { "start": { "line": 19, "column": 2 }, "end": { "line": 19, "column": null } },
        "3": { "start": { "line": 19, "column": 23 }, "end": { "line": 19, "column": null } },
        "4": { "start": { "line": 21, "column": 2 }, "end": { "line": 44, "column": null } }
      },
      "fnMap": {
        "0": {
          "name": "PartyMark",
          "decl": { "start": { "line": 4, "column": 16 }, "end": { "line": 4, "column": 26 } },
          "loc": { "start": { "line": 16, "column": 3 }, "end": { "line": 46, "column": null } },
          "line": 16
        }
      },
      "branchMap": {
        "0": {
          "loc": { "start": { "line": 8, "column": 2 }, "end": { "line": 8, "column": null } },
          "type": "default-arg",
          "locations": [
            { "start": { "line": 8, "column": 9 }, "end": { "line": 8, "column": null } }
          ],
          "line": 8
        },
        "1": {
          "loc": { "start": { "line": 17, "column": 25 }, "end": { "line": 17, "column": null } },
          "type": "binary-expr",
          "locations": [
            { "start": { "line": 17, "column": 25 }, "end": { "line": 17, "column": 42 } },
            { "start": { "line": 17, "column": 42 }, "end": { "line": 17, "column": null } }
          ],
          "line": 17
        },
        "2": {
          "loc": { "start": { "line": 18, "column": 23 }, "end": { "line": 18, "column": null } },
          "type": "binary-expr",
          "locations": [
            { "start": { "line": 18, "column": 23 }, "end": { "line": 18, "column": 45 } },
            { "start": { "line": 18, "column": 45 }, "end": { "line": 18, "column": 53 } },
            { "start": { "line": 18, "column": 53 }, "end": { "line": 18, "column": null } }
          ],
          "line": 18
        },
        "3": {
          "loc": { "start": { "line": 19, "column": 2 }, "end": { "line": 19, "column": null } },
          "type": "if",
          "locations": [
            { "start": { "line": 19, "column": 2 }, "end": { "line": 19, "column": null } },
            { "start": {}, "end": {} }
          ],
          "line": 19
        },
        "4": {
          "loc": { "start": { "line": 27, "column": 8 }, "end": { "line": 27, "column": null } },
          "type": "binary-expr",
          "locations": [
            { "start": { "line": 27, "column": 8 }, "end": { "line": 27, "column": 28 } },
            { "start": { "line": 27, "column": 28 }, "end": { "line": 27, "column": null } }
          ],
          "line": 27
        },
        "5": {
          "loc": { "start": { "line": 28, "column": 8 }, "end": { "line": 28, "column": null } },
          "type": "binary-expr",
          "locations": [
            { "start": { "line": 28, "column": 8 }, "end": { "line": 28, "column": 29 } },
            { "start": { "line": 28, "column": 29 }, "end": { "line": 28, "column": null } }
          ],
          "line": 28
        },
        "6": {
          "loc": { "start": { "line": 29, "column": 8 }, "end": { "line": 29, "column": null } },
          "type": "binary-expr",
          "locations": [
            { "start": { "line": 29, "column": 8 }, "end": { "line": 29, "column": 28 } },
            { "start": { "line": 29, "column": 28 }, "end": { "line": 29, "column": null } }
          ],
          "line": 29
        },
        "7": {
          "loc": { "start": { "line": 30, "column": 8 }, "end": { "line": 30, "column": null } },
          "type": "binary-expr",
          "locations": [
            { "start": { "line": 30, "column": 8 }, "end": { "line": 30, "column": 27 } },
            { "start": { "line": 30, "column": 27 }, "end": { "line": 30, "column": null } }
          ],
          "line": 30
        }
      },
      "s": { "0": 6, "1": 6, "2": 6, "3": 0, "4": 6 },
      "f": { "0": 6 },
      "b": {
        "0": [6],
        "1": [6, 4],
        "2": [6, 4, 0],
        "3": [0, 6],
        "4": [6, 4],
        "5": [6, 0],
        "6": [6, 0],
        "7": [6, 2]
      },
      "meta": {
        "lastBranch": 8,
        "lastFunction": 1,
        "lastStatement": 5,
        "seen": {
          "f:4:16:4:26": 0,
          "b:8:9:8:Infinity": 0,
          "s:17:25:17:Infinity": 0,
          "b:17:25:17:42:17:42:17:Infinity": 1,
          "s:18:23:18:Infinity": 1,
          "b:18:23:18:45:18:45:18:53:18:53:18:Infinity": 2,
          "b:19:2:19:Infinity:undefined:undefined:undefined:undefined": 3,
          "s:19:2:19:Infinity": 2,
          "s:19:23:19:Infinity": 3,
          "s:21:2:44:Infinity": 4,
          "b:27:8:27:28:27:28:27:Infinity": 4,
          "b:28:8:28:29:28:29:28:Infinity": 5,
          "b:29:8:29:28:29:28:29:Infinity": 6,
          "b:30:8:30:27:30:27:30:Infinity": 7
        },
        "fnNames": {}
      }
    },
    "D:\\Project_claude_code\\political-destiny\\src\\components\\ui\\card.tsx": {
      "path": "D:\\Project_claude_code\\political-destiny\\src\\components\\ui\\card.tsx",
      "statementMap": {
        "0": { "start": { "line": 6, "column": 2 }, "end": { "line": 13, "column": null } }
      },
      "fnMap": {
        "0": {
          "name": "Card",
          "decl": { "start": { "line": 5, "column": 16 }, "end": { "line": 5, "column": 21 } },
          "loc": { "start": { "line": 5, "column": 78 }, "end": { "line": 15, "column": null } },
          "line": 5
        }
      },
      "branchMap": {},
      "s": { "0": 28 },
      "f": { "0": 28 },
      "b": {},
      "meta": {
        "lastBranch": 0,
        "lastFunction": 1,
        "lastStatement": 1,
        "seen": { "f:5:16:5:21": 0, "s:6:2:13:Infinity": 0 },
        "fnNames": {}
      }
    },
    "D:\\Project_claude_code\\political-destiny\\src\\components\\game\\poll-chart.tsx": {
      "path": "D:\\Project_claude_code\\political-destiny\\src\\components\\game\\poll-chart.tsx",
      "statementMap": {
        "0": { "start": { "line": 11, "column": 18 }, "end": { "line": 13, "column": null } },
        "1": { "start": { "line": 12, "column": 27 }, "end": { "line": 12, "column": 51 } },
        "2": { "start": { "line": 13, "column": 27 }, "end": { "line": 13, "column": 45 } },
        "3": { "start": { "line": 14, "column": 18 }, "end": { "line": 14, "column": null } },
        "4": { "start": { "line": 16, "column": 2 }, "end": { "line": 43, "column": null } },
        "5": { "start": { "line": 19, "column": 22 }, "end": { "line": 19, "column": null } },
        "6": { "start": { "line": 20, "column": 8 }, "end": { "line": 20, "column": null } },
        "7": { "start": { "line": 20, "column": 20 }, "end": { "line": 20, "column": null } },
        "8": { "start": { "line": 21, "column": 8 }, "end": { "line": 40, "column": null } }
      },
      "fnMap": {
        "0": {
          "name": "PollChart",
          "decl": { "start": { "line": 4, "column": 16 }, "end": { "line": 4, "column": 26 } },
          "loc": { "start": { "line": 10, "column": 3 }, "end": { "line": 45, "column": null } },
          "line": 10
        },
        "1": {
          "name": "(anonymous_1)",
          "decl": { "start": { "line": 12, "column": 5 }, "end": { "line": 12, "column": 13 } },
          "loc": { "start": { "line": 12, "column": 27 }, "end": { "line": 12, "column": 51 } },
          "line": 12
        },
        "2": {
          "name": "(anonymous_2)",
          "decl": { "start": { "line": 13, "column": 5 }, "end": { "line": 13, "column": 11 } },
          "loc": { "start": { "line": 13, "column": 27 }, "end": { "line": 13, "column": 45 } },
          "line": 13
        },
        "3": {
          "name": "(anonymous_3)",
          "decl": { "start": { "line": 18, "column": 15 }, "end": { "line": 18, "column": 20 } },
          "loc": { "start": { "line": 18, "column": 48 }, "end": { "line": 42, "column": 7 } },
          "line": 18
        }
      },
      "branchMap": {
        "0": {
          "loc": { "start": { "line": 14, "column": 31 }, "end": { "line": 14, "column": 52 } },
          "type": "binary-expr",
          "locations": [
            { "start": { "line": 14, "column": 31 }, "end": { "line": 14, "column": 50 } },
            { "start": { "line": 14, "column": 50 }, "end": { "line": 14, "column": 52 } }
          ],
          "line": 14
        },
        "1": {
          "loc": { "start": { "line": 20, "column": 8 }, "end": { "line": 20, "column": null } },
          "type": "if",
          "locations": [
            { "start": { "line": 20, "column": 8 }, "end": { "line": 20, "column": null } },
            { "start": {}, "end": {} }
          ],
          "line": 20
        }
      },
      "s": { "0": 0, "1": 0, "2": 0, "3": 0, "4": 0, "5": 0, "6": 0, "7": 0, "8": 0 },
      "f": { "0": 0, "1": 0, "2": 0, "3": 0 },
      "b": { "0": [0, 0], "1": [0, 0] },
      "meta": {
        "lastBranch": 2,
        "lastFunction": 4,
        "lastStatement": 9,
        "seen": {
          "f:4:16:4:26": 0,
          "s:11:18:13:Infinity": 0,
          "f:12:5:12:13": 1,
          "s:12:27:12:51": 1,
          "f:13:5:13:11": 2,
          "s:13:27:13:45": 2,
          "s:14:18:14:Infinity": 3,
          "b:14:31:14:50:14:50:14:52": 0,
          "s:16:2:43:Infinity": 4,
          "f:18:15:18:20": 3,
          "s:19:22:19:Infinity": 5,
          "b:20:8:20:Infinity:undefined:undefined:undefined:undefined": 1,
          "s:20:8:20:Infinity": 6,
          "s:20:20:20:Infinity": 7,
          "s:21:8:40:Infinity": 8
        },
        "fnNames": {}
      }
    },
    "D:\\Project_claude_code\\political-destiny\\src\\components\\game\\screen-shell.tsx": {
      "path": "D:\\Project_claude_code\\political-destiny\\src\\components\\game\\screen-shell.tsx",
      "statementMap": {
        "0": { "start": { "line": 20, "column": 2 }, "end": { "line": 41, "column": null } }
      },
      "fnMap": {
        "0": {
          "name": "ScreenShell",
          "decl": { "start": { "line": 5, "column": 16 }, "end": { "line": 5, "column": 28 } },
          "loc": { "start": { "line": 19, "column": 3 }, "end": { "line": 43, "column": null } },
          "line": 19
        }
      },
      "branchMap": {
        "0": {
          "loc": { "start": { "line": 22, "column": 39 }, "end": { "line": 22, "column": 84 } },
          "type": "binary-expr",
          "locations": [
            { "start": { "line": 22, "column": 39 }, "end": { "line": 22, "column": 48 } },
            { "start": { "line": 22, "column": 48 }, "end": { "line": 22, "column": 84 } }
          ],
          "line": 22
        },
        "1": {
          "loc": { "start": { "line": 24, "column": 11 }, "end": { "line": 28, "column": null } },
          "type": "cond-expr",
          "locations": [
            { "start": { "line": 25, "column": 12 }, "end": { "line": 28, "column": null } },
            { "start": { "line": 28, "column": 14 }, "end": { "line": 28, "column": null } }
          ],
          "line": 24
        },
        "2": {
          "loc": { "start": { "line": 32, "column": 11 }, "end": { "line": 36, "column": null } },
          "type": "cond-expr",
          "locations": [
            { "start": { "line": 33, "column": 12 }, "end": { "line": 36, "column": null } },
            { "start": { "line": 36, "column": 14 }, "end": { "line": 36, "column": null } }
          ],
          "line": 32
        },
        "3": {
          "loc": { "start": { "line": 39, "column": 9 }, "end": { "line": 39, "column": null } },
          "type": "cond-expr",
          "locations": [
            { "start": { "line": 39, "column": 17 }, "end": { "line": 39, "column": null } },
            { "start": { "line": 39, "column": 42 }, "end": { "line": 39, "column": null } }
          ],
          "line": 39
        }
      },
      "s": { "0": 7 },
      "f": { "0": 7 },
      "b": { "0": [7, 1], "1": [7, 0], "2": [7, 0], "3": [1, 6] },
      "meta": {
        "lastBranch": 4,
        "lastFunction": 1,
        "lastStatement": 1,
        "seen": {
          "f:5:16:5:28": 0,
          "s:20:2:41:Infinity": 0,
          "b:22:39:22:48:22:48:22:84": 0,
          "b:25:12:28:Infinity:28:14:28:Infinity": 1,
          "b:33:12:36:Infinity:36:14:36:Infinity": 2,
          "b:39:17:39:Infinity:39:42:39:Infinity": 3
        },
        "fnNames": {}
      }
    },
    "D:\\Project_claude_code\\political-destiny\\src\\components\\ui\\button.tsx": {
      "path": "D:\\Project_claude_code\\political-destiny\\src\\components\\ui\\button.tsx",
      "statementMap": {
        "0": { "start": { "line": 7, "column": 23 }, "end": { "line": 33, "column": null } },
        "1": { "start": { "line": 41, "column": 20 }, "end": { "line": 41, "column": null } },
        "2": { "start": { "line": 42, "column": 2 }, "end": { "line": 42, "column": null } }
      },
      "fnMap": {
        "0": {
          "name": "Button",
          "decl": { "start": { "line": 40, "column": 16 }, "end": { "line": 40, "column": 23 } },
          "loc": { "start": { "line": 40, "column": 85 }, "end": { "line": 43, "column": null } },
          "line": 40
        }
      },
      "branchMap": {
        "0": {
          "loc": { "start": { "line": 41, "column": 20 }, "end": { "line": 41, "column": null } },
          "type": "cond-expr",
          "locations": [
            { "start": { "line": 41, "column": 30 }, "end": { "line": 41, "column": 37 } },
            { "start": { "line": 41, "column": 37 }, "end": { "line": 41, "column": null } }
          ],
          "line": 41
        }
      },
      "s": { "0": 1, "1": 30, "2": 30 },
      "f": { "0": 30 },
      "b": { "0": [0, 30] },
      "meta": {
        "lastBranch": 1,
        "lastFunction": 1,
        "lastStatement": 3,
        "seen": {
          "s:7:23:33:Infinity": 0,
          "f:40:16:40:23": 0,
          "s:41:20:41:Infinity": 1,
          "b:41:30:41:37:41:37:41:Infinity": 0,
          "s:42:2:42:Infinity": 2
        },
        "fnNames": {}
      }
    },
    "D:\\Project_claude_code\\political-destiny\\src\\features\\campaign\\gameStore.ts": {
      "path": "D:\\Project_claude_code\\political-destiny\\src\\features\\campaign\\gameStore.ts",
      "statementMap": {
        "0": { "start": { "line": 1, "column": 0 }, "end": { "line": 1, "column": null } },
        "1": { "start": { "line": 68, "column": 17 }, "end": { "line": 68, "column": null } },
        "2": { "start": { "line": 69, "column": 2 }, "end": { "line": 72, "column": null } },
        "3": { "start": { "line": 70, "column": 4 }, "end": { "line": 70, "column": null } },
        "4": { "start": { "line": 71, "column": 4 }, "end": { "line": 71, "column": null } },
        "5": { "start": { "line": 73, "column": 2 }, "end": { "line": 73, "column": null } },
        "6": { "start": { "line": 76, "column": 28 }, "end": { "line": 229, "column": null } },
        "7": { "start": { "line": 76, "column": 63 }, "end": { "line": 229, "column": 2 } },
        "8": { "start": { "line": 81, "column": 26 }, "end": { "line": 81, "column": null } },
        "9": { "start": { "line": 84, "column": 4 }, "end": { "line": 94, "column": null } },
        "10": { "start": { "line": 97, "column": 26 }, "end": { "line": 97, "column": null } },
        "11": { "start": { "line": 100, "column": 4 }, "end": { "line": 103, "column": null } },
        "12": { "start": { "line": 100, "column": 20 }, "end": { "line": 103, "column": 6 } },
        "13": { "start": { "line": 106, "column": 4 }, "end": { "line": 114, "column": null } },
        "14": { "start": { "line": 106, "column": 20 }, "end": { "line": 114, "column": 6 } },
        "15": { "start": { "line": 117, "column": 4 }, "end": { "line": 117, "column": null } },
        "16": { "start": { "line": 117, "column": 20 }, "end": { "line": 117, "column": 78 } },
        "17": { "start": { "line": 119, "column": 36 }, "end": { "line": 119, "column": null } },
        "18": { "start": { "line": 119, "column": 52 }, "end": { "line": 119, "column": 94 } },
        "19": { "start": { "line": 122, "column": 18 }, "end": { "line": 122, "column": null } },
        "20": { "start": { "line": 123, "column": 17 }, "end": { "line": 123, "column": null } },
        "21": { "start": { "line": 124, "column": 18 }, "end": { "line": 124, "column": null } },
        "22": { "start": { "line": 125, "column": 19 }, "end": { "line": 125, "column": null } },
        "23": { "start": { "line": 126, "column": 4 }, "end": { "line": 131, "column": null } },
        "24": { "start": { "line": 127, "column": 25 }, "end": { "line": 127, "column": null } },
        "25": { "start": { "line": 128, "column": 26 }, "end": { "line": 128, "column": null } },
        "26": { "start": { "line": 129, "column": 6 }, "end": { "line": 129, "column": null } },
        "27": { "start": { "line": 130, "column": 6 }, "end": { "line": 130, "column": null } },
        "28": { "start": { "line": 132, "column": 4 }, "end": { "line": 135, "column": null } },
        "29": { "start": { "line": 133, "column": 6 }, "end": { "line": 133, "column": null } },
        "30": { "start": { "line": 134, "column": 6 }, "end": { "line": 134, "column": null } },
        "31": { "start": { "line": 136, "column": 4 }, "end": { "line": 160, "column": null } },
        "32": { "start": { "line": 137, "column": 20 }, "end": { "line": 147, "column": null } },
        "33": { "start": { "line": 148, "column": 6 }, "end": { "line": 157, "column": null } },
        "34": { "start": { "line": 159, "column": 6 }, "end": { "line": 159, "column": null } },
        "35": { "start": { "line": 163, "column": 23 }, "end": { "line": 163, "column": null } },
        "36": { "start": { "line": 166, "column": 19 }, "end": { "line": 166, "column": null } },
        "37": { "start": { "line": 167, "column": 4 }, "end": { "line": 167, "column": null } },
        "38": { "start": { "line": 167, "column": 17 }, "end": { "line": 167, "column": null } },
        "39": { "start": { "line": 168, "column": 4 }, "end": { "line": 191, "column": null } },
        "40": { "start": { "line": 169, "column": 25 }, "end": { "line": 169, "column": null } },
        "41": { "start": { "line": 170, "column": 20 }, "end": { "line": 170, "column": null } },
        "42": { "start": { "line": 172, "column": 6 }, "end": { "line": 175, "column": null } },
        "43": { "start": { "line": 172, "column": 62 }, "end": { "line": 172, "column": null } },
        "44": { "start": { "line": 173, "column": 11 }, "end": { "line": 175, "column": null } },
        "45": { "start": { "line": 173, "column": 69 }, "end": { "line": 173, "column": null } },
        "46": { "start": { "line": 174, "column": 11 }, "end": { "line": 175, "column": null } },
        "47": { "start": { "line": 174, "column": 43 }, "end": { "line": 174, "column": null } },
        "48": { "start": { "line": 175, "column": 11 }, "end": { "line": 175, "column": null } },
        "49": { "start": { "line": 175, "column": 69 }, "end": { "line": 175, "column": null } },
        "50": { "start": { "line": 176, "column": 29 }, "end": { "line": 176, "column": null } },
        "51": { "start": { "line": 177, "column": 32 }, "end": { "line": 177, "column": null } },
        "52": { "start": { "line": 177, "column": 74 }, "end": { "line": 177, "column": 97 } },
        "53": { "start": { "line": 178, "column": 6 }, "end": { "line": 186, "column": null } },
        "54": { "start": { "line": 188, "column": 6 }, "end": { "line": 190, "column": null } },
        "55": { "start": { "line": 195, "column": 20 }, "end": { "line": 195, "column": null } },
        "56": { "start": { "line": 196, "column": 4 }, "end": { "line": 196, "column": null } },
        "57": { "start": { "line": 200, "column": 18 }, "end": { "line": 200, "column": null } },
        "58": { "start": { "line": 201, "column": 4 }, "end": { "line": 201, "column": null } },
        "59": { "start": { "line": 204, "column": 18 }, "end": { "line": 204, "column": null } },
        "60": { "start": { "line": 205, "column": 19 }, "end": { "line": 205, "column": null } },
        "61": { "start": { "line": 208, "column": 4 }, "end": { "line": 215, "column": null } },
        "62": { "start": { "line": 218, "column": 4 }, "end": { "line": 228, "column": null } }
      },
      "fnMap": {
        "0": {
          "name": "freshSeed",
          "decl": { "start": { "line": 67, "column": 9 }, "end": { "line": 67, "column": 29 } },
          "loc": { "start": { "line": 67, "column": 29 }, "end": { "line": 74, "column": null } },
          "line": 67
        },
        "1": {
          "name": "(anonymous_1)",
          "decl": { "start": { "line": 76, "column": 28 }, "end": { "line": 76, "column": 49 } },
          "loc": { "start": { "line": 76, "column": 63 }, "end": { "line": 229, "column": 2 } },
          "line": 76
        },
        "2": {
          "name": "(anonymous_2)",
          "decl": { "start": { "line": 81, "column": 2 }, "end": { "line": 81, "column": 15 } },
          "loc": { "start": { "line": 81, "column": 26 }, "end": { "line": 81, "column": null } },
          "line": 81
        },
        "3": {
          "name": "(anonymous_3)",
          "decl": { "start": { "line": 83, "column": 2 }, "end": { "line": 83, "column": 15 } },
          "loc": { "start": { "line": 83, "column": 24 }, "end": { "line": 95, "column": null } },
          "line": 83
        },
        "4": {
          "name": "(anonymous_4)",
          "decl": { "start": { "line": 97, "column": 2 }, "end": { "line": 97, "column": 14 } },
          "loc": { "start": { "line": 97, "column": 26 }, "end": { "line": 97, "column": null } },
          "line": 97
        },
        "5": {
          "name": "(anonymous_5)",
          "decl": { "start": { "line": 99, "column": 2 }, "end": { "line": 99, "column": 17 } },
          "loc": { "start": { "line": 100, "column": 4 }, "end": { "line": 103, "column": null } },
          "line": 100
        },
        "6": {
          "name": "(anonymous_6)",
          "decl": { "start": { "line": 100, "column": 4 }, "end": { "line": 100, "column": 9 } },
          "loc": { "start": { "line": 100, "column": 20 }, "end": { "line": 103, "column": 6 } },
          "line": 100
        },
        "7": {
          "name": "(anonymous_7)",
          "decl": { "start": { "line": 105, "column": 2 }, "end": { "line": 105, "column": 23 } },
          "loc": { "start": { "line": 106, "column": 4 }, "end": { "line": 114, "column": null } },
          "line": 106
        },
        "8": {
          "name": "(anonymous_8)",
          "decl": { "start": { "line": 106, "column": 4 }, "end": { "line": 106, "column": 9 } },
          "loc": { "start": { "line": 106, "column": 20 }, "end": { "line": 114, "column": 6 } },
          "line": 106
        },
        "9": {
          "name": "(anonymous_9)",
          "decl": { "start": { "line": 116, "column": 2 }, "end": { "line": 116, "column": 17 } },
          "loc": { "start": { "line": 117, "column": 4 }, "end": { "line": 117, "column": null } },
          "line": 117
        },
        "10": {
          "name": "(anonymous_10)",
          "decl": { "start": { "line": 117, "column": 4 }, "end": { "line": 117, "column": 9 } },
          "loc": { "start": { "line": 117, "column": 20 }, "end": { "line": 117, "column": 78 } },
          "line": 117
        },
        "11": {
          "name": "(anonymous_11)",
          "decl": { "start": { "line": 119, "column": 2 }, "end": { "line": 119, "column": 24 } },
          "loc": { "start": { "line": 119, "column": 36 }, "end": { "line": 119, "column": null } },
          "line": 119
        },
        "12": {
          "name": "(anonymous_12)",
          "decl": { "start": { "line": 119, "column": 36 }, "end": { "line": 119, "column": 41 } },
          "loc": { "start": { "line": 119, "column": 52 }, "end": { "line": 119, "column": 94 } },
          "line": 119
        },
        "13": {
          "name": "(anonymous_13)",
          "decl": { "start": { "line": 121, "column": 2 }, "end": { "line": 121, "column": 24 } },
          "loc": { "start": { "line": 121, "column": 24 }, "end": { "line": 161, "column": null } },
          "line": 121
        },
        "14": {
          "name": "(anonymous_14)",
          "decl": { "start": { "line": 163, "column": 2 }, "end": { "line": 163, "column": 23 } },
          "loc": { "start": { "line": 163, "column": 23 }, "end": { "line": 163, "column": null } },
          "line": 163
        },
        "15": {
          "name": "(anonymous_15)",
          "decl": { "start": { "line": 165, "column": 2 }, "end": { "line": 165, "column": 22 } },
          "loc": { "start": { "line": 165, "column": 35 }, "end": { "line": 192, "column": null } },
          "line": 165
        },
        "16": {
          "name": "(anonymous_16)",
          "decl": { "start": { "line": 177, "column": 59 }, "end": { "line": 177, "column": 67 } },
          "loc": { "start": { "line": 177, "column": 74 }, "end": { "line": 177, "column": 97 } },
          "line": 177
        },
        "17": {
          "name": "(anonymous_17)",
          "decl": { "start": { "line": 194, "column": 2 }, "end": { "line": 194, "column": 30 } },
          "loc": { "start": { "line": 194, "column": 30 }, "end": { "line": 197, "column": null } },
          "line": 194
        },
        "18": {
          "name": "(anonymous_18)",
          "decl": { "start": { "line": 199, "column": 2 }, "end": { "line": 199, "column": 32 } },
          "loc": { "start": { "line": 199, "column": 32 }, "end": { "line": 202, "column": null } },
          "line": 199
        },
        "19": {
          "name": "(anonymous_19)",
          "decl": { "start": { "line": 204, "column": 2 }, "end": { "line": 204, "column": 18 } },
          "loc": { "start": { "line": 204, "column": 18 }, "end": { "line": 204, "column": null } },
          "line": 204
        },
        "20": {
          "name": "(anonymous_20)",
          "decl": { "start": { "line": 205, "column": 2 }, "end": { "line": 205, "column": 19 } },
          "loc": { "start": { "line": 205, "column": 19 }, "end": { "line": 205, "column": null } },
          "line": 205
        },
        "21": {
          "name": "(anonymous_21)",
          "decl": { "start": { "line": 207, "column": 2 }, "end": { "line": 207, "column": 16 } },
          "loc": { "start": { "line": 208, "column": 4 }, "end": { "line": 215, "column": null } },
          "line": 208
        },
        "22": {
          "name": "(anonymous_22)",
          "decl": { "start": { "line": 217, "column": 2 }, "end": { "line": 217, "column": null } },
          "loc": { "start": { "line": 218, "column": 4 }, "end": { "line": 228, "column": null } },
          "line": 218
        }
      },
      "branchMap": {
        "0": {
          "loc": { "start": { "line": 69, "column": 2 }, "end": { "line": 72, "column": null } },
          "type": "if",
          "locations": [
            { "start": { "line": 69, "column": 2 }, "end": { "line": 72, "column": null } },
            { "start": {}, "end": {} }
          ],
          "line": 69
        },
        "1": {
          "loc": { "start": { "line": 87, "column": 8 }, "end": { "line": 91, "column": null } },
          "type": "cond-expr",
          "locations": [
            { "start": { "line": 88, "column": 12 }, "end": { "line": 88, "column": null } },
            { "start": { "line": 89, "column": 12 }, "end": { "line": 91, "column": null } }
          ],
          "line": 87
        },
        "2": {
          "loc": { "start": { "line": 89, "column": 12 }, "end": { "line": 91, "column": null } },
          "type": "cond-expr",
          "locations": [
            { "start": { "line": 90, "column": 14 }, "end": { "line": 90, "column": null } },
            { "start": { "line": 91, "column": 14 }, "end": { "line": 91, "column": null } }
          ],
          "line": 89
        },
        "3": {
          "loc": { "start": { "line": 123, "column": 17 }, "end": { "line": 123, "column": null } },
          "type": "binary-expr",
          "locations": [
            { "start": { "line": 123, "column": 17 }, "end": { "line": 123, "column": 39 } },
            { "start": { "line": 123, "column": 39 }, "end": { "line": 123, "column": null } }
          ],
          "line": 123
        },
        "4": {
          "loc": { "start": { "line": 126, "column": 4 }, "end": { "line": 131, "column": null } },
          "type": "if",
          "locations": [
            { "start": { "line": 126, "column": 4 }, "end": { "line": 131, "column": null } },
            { "start": {}, "end": {} }
          ],
          "line": 126
        },
        "5": {
          "loc": { "start": { "line": 132, "column": 4 }, "end": { "line": 135, "column": null } },
          "type": "if",
          "locations": [
            { "start": { "line": 132, "column": 4 }, "end": { "line": 135, "column": null } },
            { "start": {}, "end": {} }
          ],
          "line": 132
        },
        "6": {
          "loc": { "start": { "line": 132, "column": 8 }, "end": { "line": 132, "column": 46 } },
          "type": "binary-expr",
          "locations": [
            { "start": { "line": 132, "column": 8 }, "end": { "line": 132, "column": 23 } },
            { "start": { "line": 132, "column": 23 }, "end": { "line": 132, "column": 35 } },
            { "start": { "line": 132, "column": 35 }, "end": { "line": 132, "column": 46 } }
          ],
          "line": 132
        },
        "7": {
          "loc": { "start": { "line": 143, "column": 14 }, "end": { "line": 143, "column": null } },
          "type": "cond-expr",
          "locations": [
            { "start": { "line": 143, "column": 36 }, "end": { "line": 143, "column": 77 } },
            { "start": { "line": 143, "column": 77 }, "end": { "line": 143, "column": null } }
          ],
          "line": 143
        },
        "8": {
          "loc": { "start": { "line": 144, "column": 14 }, "end": { "line": 144, "column": null } },
          "type": "cond-expr",
          "locations": [
            { "start": { "line": 144, "column": 34 }, "end": { "line": 144, "column": 71 } },
            { "start": { "line": 144, "column": 71 }, "end": { "line": 144, "column": null } }
          ],
          "line": 144
        },
        "9": {
          "loc": { "start": { "line": 159, "column": 19 }, "end": { "line": 159, "column": 97 } },
          "type": "cond-expr",
          "locations": [
            { "start": { "line": 159, "column": 44 }, "end": { "line": 159, "column": 60 } },
            { "start": { "line": 159, "column": 60 }, "end": { "line": 159, "column": 97 } }
          ],
          "line": 159
        },
        "10": {
          "loc": { "start": { "line": 167, "column": 4 }, "end": { "line": 167, "column": null } },
          "type": "if",
          "locations": [
            { "start": { "line": 167, "column": 4 }, "end": { "line": 167, "column": null } },
            { "start": {}, "end": {} }
          ],
          "line": 167
        },
        "11": {
          "loc": { "start": { "line": 172, "column": 6 }, "end": { "line": 175, "column": null } },
          "type": "if",
          "locations": [
            { "start": { "line": 172, "column": 6 }, "end": { "line": 175, "column": null } },
            { "start": { "line": 173, "column": 11 }, "end": { "line": 175, "column": null } }
          ],
          "line": 172
        },
        "12": {
          "loc": { "start": { "line": 172, "column": 10 }, "end": { "line": 172, "column": 62 } },
          "type": "binary-expr",
          "locations": [
            { "start": { "line": 172, "column": 10 }, "end": { "line": 172, "column": 38 } },
            { "start": { "line": 172, "column": 38 }, "end": { "line": 172, "column": 62 } }
          ],
          "line": 172
        },
        "13": {
          "loc": { "start": { "line": 173, "column": 11 }, "end": { "line": 175, "column": null } },
          "type": "if",
          "locations": [
            { "start": { "line": 173, "column": 11 }, "end": { "line": 175, "column": null } },
            { "start": { "line": 174, "column": 11 }, "end": { "line": 175, "column": null } }
          ],
          "line": 173
        },
        "14": {
          "loc": { "start": { "line": 173, "column": 15 }, "end": { "line": 173, "column": 69 } },
          "type": "binary-expr",
          "locations": [
            { "start": { "line": 173, "column": 15 }, "end": { "line": 173, "column": 44 } },
            { "start": { "line": 173, "column": 44 }, "end": { "line": 173, "column": 69 } }
          ],
          "line": 173
        },
        "15": {
          "loc": { "start": { "line": 174, "column": 11 }, "end": { "line": 175, "column": null } },
          "type": "if",
          "locations": [
            { "start": { "line": 174, "column": 11 }, "end": { "line": 175, "column": null } },
            { "start": { "line": 175, "column": 11 }, "end": { "line": 175, "column": null } }
          ],
          "line": 174
        },
        "16": {
          "loc": { "start": { "line": 175, "column": 11 }, "end": { "line": 175, "column": null } },
          "type": "if",
          "locations": [
            { "start": { "line": 175, "column": 11 }, "end": { "line": 175, "column": null } },
            { "start": {}, "end": {} }
          ],
          "line": 175
        },
        "17": {
          "loc": { "start": { "line": 189, "column": 15 }, "end": { "line": 189, "column": null } },
          "type": "cond-expr",
          "locations": [
            { "start": { "line": 189, "column": 40 }, "end": { "line": 189, "column": 56 } },
            { "start": { "line": 189, "column": 56 }, "end": { "line": 189, "column": null } }
          ],
          "line": 189
        },
        "18": {
          "loc": { "start": { "line": 196, "column": 18 }, "end": { "line": 196, "column": 41 } },
          "type": "binary-expr",
          "locations": [
            { "start": { "line": 196, "column": 18 }, "end": { "line": 196, "column": 29 } },
            { "start": { "line": 196, "column": 29 }, "end": { "line": 196, "column": 41 } }
          ],
          "line": 196
        },
        "19": {
          "loc": { "start": { "line": 201, "column": 18 }, "end": { "line": 201, "column": 69 } },
          "type": "cond-expr",
          "locations": [
            { "start": { "line": 201, "column": 48 }, "end": { "line": 201, "column": 58 } },
            { "start": { "line": 201, "column": 58 }, "end": { "line": 201, "column": 69 } }
          ],
          "line": 201
        },
        "20": {
          "loc": { "start": { "line": 211, "column": 14 }, "end": { "line": 211, "column": null } },
          "type": "cond-expr",
          "locations": [
            { "start": { "line": 211, "column": 43 }, "end": { "line": 211, "column": 53 } },
            { "start": { "line": 211, "column": 53 }, "end": { "line": 211, "column": null } }
          ],
          "line": 211
        }
      },
      "s": {
        "0": 1,
        "1": 0,
        "2": 0,
        "3": 0,
        "4": 0,
        "5": 0,
        "6": 1,
        "7": 1,
        "8": 0,
        "9": 2,
        "10": 0,
        "11": 0,
        "12": 0,
        "13": 1,
        "14": 1,
        "15": 0,
        "16": 0,
        "17": 0,
        "18": 0,
        "19": 0,
        "20": 0,
        "21": 0,
        "22": 0,
        "23": 0,
        "24": 0,
        "25": 0,
        "26": 0,
        "27": 0,
        "28": 0,
        "29": 0,
        "30": 0,
        "31": 0,
        "32": 0,
        "33": 0,
        "34": 0,
        "35": 0,
        "36": 2,
        "37": 2,
        "38": 0,
        "39": 2,
        "40": 2,
        "41": 2,
        "42": 2,
        "43": 0,
        "44": 2,
        "45": 0,
        "46": 2,
        "47": 0,
        "48": 2,
        "49": 0,
        "50": 2,
        "51": 2,
        "52": 7,
        "53": 2,
        "54": 0,
        "55": 0,
        "56": 0,
        "57": 0,
        "58": 0,
        "59": 0,
        "60": 0,
        "61": 2,
        "62": 4
      },
      "f": {
        "0": 0,
        "1": 1,
        "2": 0,
        "3": 2,
        "4": 0,
        "5": 0,
        "6": 0,
        "7": 1,
        "8": 1,
        "9": 0,
        "10": 0,
        "11": 0,
        "12": 0,
        "13": 0,
        "14": 0,
        "15": 2,
        "16": 7,
        "17": 0,
        "18": 0,
        "19": 0,
        "20": 0,
        "21": 2,
        "22": 4
      },
      "b": {
        "0": [0, 0],
        "1": [1, 1],
        "2": [1, 0],
        "3": [0, 0],
        "4": [0, 0],
        "5": [0, 0],
        "6": [0, 0, 0],
        "7": [0, 0],
        "8": [0, 0],
        "9": [0, 0],
        "10": [0, 2],
        "11": [0, 2],
        "12": [2, 2],
        "13": [0, 2],
        "14": [2, 2],
        "15": [0, 2],
        "16": [0, 2],
        "17": [0, 0],
        "18": [0, 0],
        "19": [0, 0],
        "20": [0, 2]
      },
      "meta": {
        "lastBranch": 21,
        "lastFunction": 23,
        "lastStatement": 63,
        "seen": {
          "s:1:0:1:Infinity": 0,
          "f:67:9:67:29": 0,
          "s:68:17:68:Infinity": 1,
          "b:69:2:72:Infinity:undefined:undefined:undefined:undefined": 0,
          "s:69:2:72:Infinity": 2,
          "s:70:4:70:Infinity": 3,
          "s:71:4:71:Infinity": 4,
          "s:73:2:73:Infinity": 5,
          "s:76:28:229:Infinity": 6,
          "f:76:28:76:49": 1,
          "s:76:63:229:2": 7,
          "f:81:2:81:15": 2,
          "s:81:26:81:Infinity": 8,
          "f:83:2:83:15": 3,
          "s:84:4:94:Infinity": 9,
          "b:88:12:88:Infinity:89:12:91:Infinity": 1,
          "b:90:14:90:Infinity:91:14:91:Infinity": 2,
          "f:97:2:97:14": 4,
          "s:97:26:97:Infinity": 10,
          "f:99:2:99:17": 5,
          "s:100:4:103:Infinity": 11,
          "f:100:4:100:9": 6,
          "s:100:20:103:6": 12,
          "f:105:2:105:23": 7,
          "s:106:4:114:Infinity": 13,
          "f:106:4:106:9": 8,
          "s:106:20:114:6": 14,
          "f:116:2:116:17": 9,
          "s:117:4:117:Infinity": 15,
          "f:117:4:117:9": 10,
          "s:117:20:117:78": 16,
          "f:119:2:119:24": 11,
          "s:119:36:119:Infinity": 17,
          "f:119:36:119:41": 12,
          "s:119:52:119:94": 18,
          "f:121:2:121:24": 13,
          "s:122:18:122:Infinity": 19,
          "s:123:17:123:Infinity": 20,
          "b:123:17:123:39:123:39:123:Infinity": 3,
          "s:124:18:124:Infinity": 21,
          "s:125:19:125:Infinity": 22,
          "b:126:4:131:Infinity:undefined:undefined:undefined:undefined": 4,
          "s:126:4:131:Infinity": 23,
          "s:127:25:127:Infinity": 24,
          "s:128:26:128:Infinity": 25,
          "s:129:6:129:Infinity": 26,
          "s:130:6:130:Infinity": 27,
          "b:132:4:135:Infinity:undefined:undefined:undefined:undefined": 5,
          "s:132:4:135:Infinity": 28,
          "b:132:8:132:23:132:23:132:35:132:35:132:46": 6,
          "s:133:6:133:Infinity": 29,
          "s:134:6:134:Infinity": 30,
          "s:136:4:160:Infinity": 31,
          "s:137:20:147:Infinity": 32,
          "b:143:36:143:77:143:77:143:Infinity": 7,
          "b:144:34:144:71:144:71:144:Infinity": 8,
          "s:148:6:157:Infinity": 33,
          "s:159:6:159:Infinity": 34,
          "b:159:44:159:60:159:60:159:97": 9,
          "f:163:2:163:23": 14,
          "s:163:23:163:Infinity": 35,
          "f:165:2:165:22": 15,
          "s:166:19:166:Infinity": 36,
          "b:167:4:167:Infinity:undefined:undefined:undefined:undefined": 10,
          "s:167:4:167:Infinity": 37,
          "s:167:17:167:Infinity": 38,
          "s:168:4:191:Infinity": 39,
          "s:169:25:169:Infinity": 40,
          "s:170:20:170:Infinity": 41,
          "b:172:6:175:Infinity:173:11:175:Infinity": 11,
          "s:172:6:175:Infinity": 42,
          "b:172:10:172:38:172:38:172:62": 12,
          "s:172:62:172:Infinity": 43,
          "b:173:11:175:Infinity:174:11:175:Infinity": 13,
          "s:173:11:175:Infinity": 44,
          "b:173:15:173:44:173:44:173:69": 14,
          "s:173:69:173:Infinity": 45,
          "b:174:11:175:Infinity:175:11:175:Infinity": 15,
          "s:174:11:175:Infinity": 46,
          "s:174:43:174:Infinity": 47,
          "b:175:11:175:Infinity:undefined:undefined:undefined:undefined": 16,
          "s:175:11:175:Infinity": 48,
          "s:175:69:175:Infinity": 49,
          "s:176:29:176:Infinity": 50,
          "s:177:32:177:Infinity": 51,
          "f:177:59:177:67": 16,
          "s:177:74:177:97": 52,
          "s:178:6:186:Infinity": 53,
          "s:188:6:190:Infinity": 54,
          "b:189:40:189:56:189:56:189:Infinity": 17,
          "f:194:2:194:30": 17,
          "s:195:20:195:Infinity": 55,
          "s:196:4:196:Infinity": 56,
          "b:196:18:196:29:196:29:196:41": 18,
          "f:199:2:199:32": 18,
          "s:200:18:200:Infinity": 57,
          "s:201:4:201:Infinity": 58,
          "b:201:48:201:58:201:58:201:69": 19,
          "f:204:2:204:18": 19,
          "s:204:18:204:Infinity": 59,
          "f:205:2:205:19": 20,
          "s:205:19:205:Infinity": 60,
          "f:207:2:207:16": 21,
          "s:208:4:215:Infinity": 61,
          "b:211:43:211:53:211:53:211:Infinity": 20,
          "f:217:2:217:Infinity": 22,
          "s:218:4:228:Infinity": 62
        },
        "fnNames": {}
      }
    },
    "D:\\Project_claude_code\\political-destiny\\src\\features\\campaign\\campaign-dashboard.tsx": {
      "path": "D:\\Project_claude_code\\political-destiny\\src\\features\\campaign\\campaign-dashboard.tsx",
      "statementMap": {
        "0": { "start": { "line": 1, "column": 0 }, "end": { "line": 1, "column": null } },
        "1": { "start": { "line": 15, "column": 81 }, "end": { "line": 20, "column": null } },
        "2": { "start": { "line": 31, "column": 24 }, "end": { "line": 31, "column": null } },
        "3": { "start": { "line": 32, "column": 16 }, "end": { "line": 32, "column": null } },
        "4": { "start": { "line": 33, "column": 21 }, "end": { "line": 33, "column": null } },
        "5": { "start": { "line": 34, "column": 2 }, "end": { "line": 34, "column": null } },
        "6": { "start": { "line": 34, "column": 14 }, "end": { "line": 34, "column": null } },
        "7": { "start": { "line": 36, "column": 2 }, "end": { "line": 250, "column": null } },
        "8": { "start": { "line": 50, "column": 10 }, "end": { "line": 64, "column": null } },
        "9": { "start": { "line": 55, "column": 27 }, "end": { "line": 55, "column": null } },
        "10": { "start": { "line": 97, "column": 16 }, "end": { "line": 100, "column": null } },
        "11": { "start": { "line": 149, "column": 18 }, "end": { "line": 152, "column": null } },
        "12": { "start": { "line": 164, "column": 22 }, "end": { "line": 172, "column": null } },
        "13": { "start": { "line": 196, "column": 18 }, "end": { "line": 209, "column": null } },
        "14": { "start": { "line": 231, "column": 18 }, "end": { "line": 239, "column": null } }
      },
      "fnMap": {
        "0": {
          "name": "CampaignDashboard",
          "decl": { "start": { "line": 22, "column": 16 }, "end": { "line": 22, "column": 34 } },
          "loc": { "start": { "line": 30, "column": 3 }, "end": { "line": 252, "column": null } },
          "line": 30
        },
        "1": {
          "name": "(anonymous_1)",
          "decl": { "start": { "line": 49, "column": 14 }, "end": { "line": 49, "column": 19 } },
          "loc": { "start": { "line": 50, "column": 10 }, "end": { "line": 64, "column": null } },
          "line": 50
        },
        "2": {
          "name": "(anonymous_2)",
          "decl": { "start": { "line": 55, "column": 12 }, "end": { "line": 55, "column": 27 } },
          "loc": { "start": { "line": 55, "column": 27 }, "end": { "line": 55, "column": null } },
          "line": 55
        },
        "3": {
          "name": "(anonymous_3)",
          "decl": { "start": { "line": 96, "column": 16 }, "end": { "line": 96, "column": 21 } },
          "loc": { "start": { "line": 97, "column": 16 }, "end": { "line": 100, "column": null } },
          "line": 97
        },
        "4": {
          "name": "(anonymous_4)",
          "decl": { "start": { "line": 148, "column": 31 }, "end": { "line": 148, "column": 36 } },
          "loc": { "start": { "line": 149, "column": 18 }, "end": { "line": 152, "column": null } },
          "line": 149
        },
        "5": {
          "name": "(anonymous_5)",
          "decl": { "start": { "line": 163, "column": 21 }, "end": { "line": 163, "column": 26 } },
          "loc": { "start": { "line": 164, "column": 22 }, "end": { "line": 172, "column": null } },
          "line": 164
        },
        "6": {
          "name": "(anonymous_6)",
          "decl": { "start": { "line": 195, "column": 17 }, "end": { "line": 195, "column": 22 } },
          "loc": { "start": { "line": 196, "column": 18 }, "end": { "line": 209, "column": null } },
          "line": 196
        },
        "7": {
          "name": "(anonymous_7)",
          "decl": { "start": { "line": 230, "column": 17 }, "end": { "line": 230, "column": 22 } },
          "loc": { "start": { "line": 231, "column": 18 }, "end": { "line": 239, "column": null } },
          "line": 231
        }
      },
      "branchMap": {
        "0": {
          "loc": { "start": { "line": 34, "column": 2 }, "end": { "line": 34, "column": null } },
          "type": "if",
          "locations": [
            { "start": { "line": 34, "column": 2 }, "end": { "line": 34, "column": null } },
            { "start": {}, "end": {} }
          ],
          "line": 34
        },
        "1": {
          "loc": { "start": { "line": 58, "column": 14 }, "end": { "line": 60, "column": null } },
          "type": "cond-expr",
          "locations": [
            { "start": { "line": 59, "column": 18 }, "end": { "line": 59, "column": null } },
            { "start": { "line": 60, "column": 18 }, "end": { "line": 60, "column": null } }
          ],
          "line": 58
        },
        "2": {
          "loc": { "start": { "line": 68, "column": 7 }, "end": { "line": 137, "column": null } },
          "type": "cond-expr",
          "locations": [
            { "start": { "line": 69, "column": 8 }, "end": { "line": 137, "column": null } },
            { "start": { "line": 137, "column": 10 }, "end": { "line": 137, "column": null } }
          ],
          "line": 68
        },
        "3": {
          "loc": { "start": { "line": 111, "column": 13 }, "end": { "line": 134, "column": null } },
          "type": "cond-expr",
          "locations": [
            { "start": { "line": 112, "column": 14 }, "end": { "line": 134, "column": null } },
            { "start": { "line": 134, "column": 16 }, "end": { "line": 134, "column": null } }
          ],
          "line": 111
        },
        "4": {
          "loc": { "start": { "line": 123, "column": 22 }, "end": { "line": 125, "column": null } },
          "type": "cond-expr",
          "locations": [
            { "start": { "line": 124, "column": 26 }, "end": { "line": 124, "column": null } },
            { "start": { "line": 125, "column": 26 }, "end": { "line": 125, "column": null } }
          ],
          "line": 123
        },
        "5": {
          "loc": { "start": { "line": 128, "column": 21 }, "end": { "line": 128, "column": null } },
          "type": "cond-expr",
          "locations": [
            { "start": { "line": 128, "column": 51 }, "end": { "line": 128, "column": 57 } },
            { "start": { "line": 128, "column": 57 }, "end": { "line": 128, "column": null } }
          ],
          "line": 128
        },
        "6": {
          "loc": { "start": { "line": 139, "column": 7 }, "end": { "line": 183, "column": null } },
          "type": "cond-expr",
          "locations": [
            { "start": { "line": 140, "column": 8 }, "end": { "line": 183, "column": null } },
            { "start": { "line": 183, "column": 10 }, "end": { "line": 183, "column": null } }
          ],
          "line": 139
        },
        "7": {
          "loc": { "start": { "line": 158, "column": 15 }, "end": { "line": 180, "column": null } },
          "type": "cond-expr",
          "locations": [
            { "start": { "line": 159, "column": 16 }, "end": { "line": 176, "column": 17 } },
            { "start": { "line": 176, "column": 16 }, "end": { "line": 180, "column": null } }
          ],
          "line": 158
        },
        "8": {
          "loc": { "start": { "line": 185, "column": 7 }, "end": { "line": 218, "column": null } },
          "type": "cond-expr",
          "locations": [
            { "start": { "line": 186, "column": 8 }, "end": { "line": 218, "column": null } },
            { "start": { "line": 218, "column": 10 }, "end": { "line": 218, "column": null } }
          ],
          "line": 185
        },
        "9": {
          "loc": { "start": { "line": 190, "column": 11 }, "end": { "line": 217, "column": null } },
          "type": "cond-expr",
          "locations": [
            { "start": { "line": 191, "column": 12 }, "end": { "line": 213, "column": 13 } },
            { "start": { "line": 213, "column": 12 }, "end": { "line": 217, "column": null } }
          ],
          "line": 190
        },
        "10": {
          "loc": { "start": { "line": 220, "column": 7 }, "end": { "line": 249, "column": null } },
          "type": "cond-expr",
          "locations": [
            { "start": { "line": 221, "column": 8 }, "end": { "line": 249, "column": null } },
            { "start": { "line": 249, "column": 10 }, "end": { "line": 249, "column": null } }
          ],
          "line": 220
        },
        "11": {
          "loc": { "start": { "line": 225, "column": 11 }, "end": { "line": 248, "column": null } },
          "type": "cond-expr",
          "locations": [
            { "start": { "line": 226, "column": 12 }, "end": { "line": 243, "column": 13 } },
            { "start": { "line": 243, "column": 12 }, "end": { "line": 248, "column": null } }
          ],
          "line": 225
        }
      },
      "s": {
        "0": 1,
        "1": 1,
        "2": 4,
        "3": 4,
        "4": 4,
        "5": 4,
        "6": 0,
        "7": 4,
        "8": 16,
        "9": 0,
        "10": 24,
        "11": 0,
        "12": 0,
        "13": 0,
        "14": 0
      },
      "f": { "0": 4, "1": 16, "2": 0, "3": 24, "4": 0, "5": 0, "6": 0, "7": 0 },
      "b": {
        "0": [0, 4],
        "1": [4, 12],
        "2": [4, 0],
        "3": [4, 0],
        "4": [4, 0],
        "5": [4, 0],
        "6": [0, 4],
        "7": [0, 0],
        "8": [0, 4],
        "9": [0, 0],
        "10": [0, 4],
        "11": [0, 0]
      },
      "meta": {
        "lastBranch": 12,
        "lastFunction": 8,
        "lastStatement": 15,
        "seen": {
          "s:1:0:1:Infinity": 0,
          "s:15:81:20:Infinity": 1,
[...]
            { "start": { "line": 295, "column": 4 }, "end": { "line": 295, "column": null } }
          ],
          "line": 279
        },
        "26": {
          "loc": { "start": { "line": 318, "column": 9 }, "end": { "line": 318, "column": null } },
          "type": "cond-expr",
          "locations": [
            { "start": { "line": 318, "column": 33 }, "end": { "line": 318, "column": 41 } },
            { "start": { "line": 318, "column": 41 }, "end": { "line": 318, "column": null } }
          ],
          "line": 318
        },
        "27": {
          "loc": { "start": { "line": 324, "column": 9 }, "end": { "line": 324, "column": null } },
          "type": "binary-expr",
          "locations": [
            { "start": { "line": 324, "column": 9 }, "end": { "line": 324, "column": 18 } },
            { "start": { "line": 324, "column": 18 }, "end": { "line": 324, "column": null } }
          ],
          "line": 324
        },
        "28": {
          "loc": { "start": { "line": 343, "column": 8 }, "end": { "line": 343, "column": null } },
          "type": "cond-expr",
          "locations": [
            { "start": { "line": 343, "column": 21 }, "end": { "line": 343, "column": 38 } },
            { "start": { "line": 343, "column": 38 }, "end": { "line": 343, "column": null } }
          ],
          "line": 343
        },
        "29": {
          "loc": { "start": { "line": 351, "column": 9 }, "end": { "line": 351, "column": null } },
          "type": "binary-expr",
          "locations": [
            { "start": { "line": 351, "column": 9 }, "end": { "line": 351, "column": 39 } },
            { "start": { "line": 351, "column": 39 }, "end": { "line": 351, "column": 67 } },
            { "start": { "line": 351, "column": 67 }, "end": { "line": 351, "column": null } }
          ],
          "line": 351
        },
        "30": {
          "loc": { "start": { "line": 355, "column": 2 }, "end": { "line": 357, "column": null } },
          "type": "if",
          "locations": [
            { "start": { "line": 355, "column": 2 }, "end": { "line": 357, "column": null } },
            { "start": {}, "end": {} }
          ],
          "line": 355
        },
        "31": {
          "loc": { "start": { "line": 355, "column": 6 }, "end": { "line": 355, "column": 70 } },
          "type": "binary-expr",
          "locations": [
            { "start": { "line": 355, "column": 6 }, "end": { "line": 355, "column": 26 } },
            { "start": { "line": 355, "column": 26 }, "end": { "line": 355, "column": 70 } }
          ],
          "line": 355
        },
        "32": {
          "loc": { "start": { "line": 358, "column": 2 }, "end": { "line": 360, "column": null } },
          "type": "if",
          "locations": [
            { "start": { "line": 358, "column": 2 }, "end": { "line": 360, "column": null } },
            { "start": {}, "end": {} }
          ],
          "line": 358
        },
        "33": {
          "loc": { "start": { "line": 358, "column": 6 }, "end": { "line": 358, "column": 98 } },
          "type": "binary-expr",
          "locations": [
            { "start": { "line": 358, "column": 6 }, "end": { "line": 358, "column": 49 } },
            { "start": { "line": 358, "column": 49 }, "end": { "line": 358, "column": 98 } }
          ],
          "line": 358
        },
        "34": {
          "loc": { "start": { "line": 361, "column": 19 }, "end": { "line": 361, "column": null } },
          "type": "cond-expr",
          "locations": [
            { "start": { "line": 361, "column": 51 }, "end": { "line": 361, "column": 68 } },
            { "start": { "line": 361, "column": 68 }, "end": { "line": 361, "column": null } }
          ],
          "line": 361
        },
        "35": {
          "loc": { "start": { "line": 362, "column": 2 }, "end": { "line": 362, "column": null } },
          "type": "if",
          "locations": [
            { "start": { "line": 362, "column": 2 }, "end": { "line": 362, "column": null } },
            { "start": {}, "end": {} }
          ],
          "line": 362
        },
        "36": {
          "loc": { "start": { "line": 363, "column": 2 }, "end": { "line": 365, "column": null } },
          "type": "if",
          "locations": [
            { "start": { "line": 363, "column": 2 }, "end": { "line": 365, "column": null } },
            { "start": {}, "end": {} }
          ],
          "line": 363
        },
        "37": {
          "loc": { "start": { "line": 363, "column": 6 }, "end": { "line": 363, "column": 83 } },
          "type": "binary-expr",
          "locations": [
            { "start": { "line": 363, "column": 6 }, "end": { "line": 363, "column": 40 } },
            { "start": { "line": 363, "column": 40 }, "end": { "line": 363, "column": 83 } }
          ],
          "line": 363
        },
        "38": {
          "loc": { "start": { "line": 366, "column": 2 }, "end": { "line": 368, "column": null } },
          "type": "if",
          "locations": [
            { "start": { "line": 366, "column": 2 }, "end": { "line": 368, "column": null } },
            { "start": {}, "end": {} }
          ],
          "line": 366
        },
        "39": {
          "loc": { "start": { "line": 366, "column": 6 }, "end": { "line": 366, "column": 62 } },
          "type": "binary-expr",
          "locations": [
            { "start": { "line": 366, "column": 6 }, "end": { "line": 366, "column": 26 } },
            { "start": { "line": 366, "column": 26 }, "end": { "line": 366, "column": 62 } }
          ],
          "line": 366
        },
        "40": {
          "loc": { "start": { "line": 371, "column": 2 }, "end": { "line": 375, "column": null } },
          "type": "if",
          "locations": [
            { "start": { "line": 371, "column": 2 }, "end": { "line": 375, "column": null } },
            { "start": {}, "end": {} }
          ],
          "line": 371
        },
        "41": {
          "loc": { "start": { "line": 377, "column": 2 }, "end": { "line": 378, "column": null } },
          "type": "if",
          "locations": [
            { "start": { "line": 377, "column": 2 }, "end": { "line": 378, "column": null } },
            { "start": {}, "end": {} }
          ],
          "line": 377
        },
        "42": {
          "loc": { "start": { "line": 379, "column": 2 }, "end": { "line": 388, "column": null } },
          "type": "if",
          "locations": [
            { "start": { "line": 379, "column": 2 }, "end": { "line": 388, "column": null } },
            { "start": {}, "end": {} }
          ],
          "line": 379
        }
      },
      "s": {
        "0": 1,
        "1": 1,
        "2": 1,
        "3": 1,
        "4": 1,
        "5": 1,
        "6": 22,
        "7": 1,
        "8": 1,
        "9": 1,
        "10": 1,
        "11": 1,
        "12": 1,
        "13": 1,
        "14": 1,
        "15": 1,
        "16": 22,
        "17": 47,
        "18": 54,
        "19": 5,
        "20": 4,
        "21": 0,
        "22": 4,
        "23": 0,
        "24": 4,
        "25": 4,
        "26": 4,
        "27": 0,
        "28": 4,
        "29": 3,
        "30": 3,
        "31": 3,
        "32": 3,
        "33": 3,
        "34": 0,
        "35": 3,
        "36": 0,
        "37": 0,
        "38": 0,
        "39": 0,
        "40": 3,
        "41": 3,
        "42": 0,
        "43": 0,
        "44": 0,
        "45": 0,
        "46": 0,
        "47": 2,
        "48": 2,
        "49": 2,
        "50": 0,
        "51": 2,
        "52": 4,
        "53": 2,
        "54": 2,
        "55": 2,
        "56": 2,
        "57": 2,
        "58": 2,
        "59": 2,
        "60": 2,
        "61": 2,
        "62": 2,
        "63": 2,
        "64": 2,
        "65": 1,
        "66": 2,
        "67": 2,
        "68": 2,
        "69": 2,
        "70": 2,
        "71": 2,
        "72": 2,
        "73": 2,
        "74": 2,
        "75": 6,
        "76": 5,
        "77": 3,
        "78": 1,
        "79": 3,
        "80": 3,
        "81": 3,
        "82": 0,
        "83": 1,
        "84": 1,
        "85": 0,
        "86": 0,
        "87": 2,
        "88": 2,
        "89": 2,
        "90": 1,
        "91": 1,
        "92": 1,
        "93": 0,
        "94": 0,
        "95": 1,
        "96": 1,
        "97": 1,
        "98": 1,
        "99": 2,
        "100": 1,
        "101": 1,
        "102": 0,
        "103": 1,
        "104": 2,
        "105": 0,
        "106": 1,
        "107": 0,
        "108": 1,
        "109": 0,
        "110": 1,
        "111": 1,
        "112": 1,
        "113": 1,
        "114": 1,
        "115": 1,
        "116": 1,
        "117": 1,
        "118": 1,
        "119": 1,
        "120": 1,
        "121": 5,
        "122": 5,
        "123": 5,
        "124": 5
      },
      "f": {
        "0": 22,
        "1": 1,
        "2": 47,
        "3": 54,
        "4": 5,
        "5": 4,
        "6": 4,
        "7": 3,
        "8": 3,
        "9": 0,
        "10": 0,
        "11": 2,
        "12": 4,
        "13": 2,
        "14": 6,
        "15": 5,
        "16": 3,
        "17": 1,
        "18": 3,
        "19": 0,
        "20": 1,
        "21": 0,
        "22": 2,
        "23": 1,
        "24": 0,
        "25": 1,
        "26": 1,
        "27": 1,
        "28": 2,
        "29": 5
      },
      "b": {
        "0": [1, 0],
        "1": [1, 0],
        "2": [1, 0],
        "3": [1, 0],
        "4": [47, 45, 45],
        "5": [54, 54],
        "6": [5, 5, 5, 5, 5, 5, 5, 5, 5],
        "7": [0, 4],
        "8": [0, 4],
        "9": [4, 4, 4, 4, 4, 4, 4, 4, 4, 4, 4, 4, 4, 4],
        "10": [4, 4, 4, 4, 4],
        "11": [0, 4],
        "12": [0, 3],
        "13": [0, 3],
        "14": [0, 0],
        "15": [0, 2],
        "16": [2, 2],
        "17": [2, 0],
        "18": [2, 0],
        "19": [2, 2],
        "20": [0, 2],
        "21": [2, 0],
        "22": [1, 1],
        "23": [2, 2],
        "24": [5, 3, 3, 3, 3, 3, 3, 3, 3, 3, 3],
        "25": [1, 1, 1, 1, 1, 1, 1, 1, 1, 1, 1, 1, 1, 1, 1, 1, 1],
        "26": [2, 0],
        "27": [1, 1],
        "28": [1, 0],
        "29": [1, 0, 0],
        "30": [1, 1],
        "31": [2, 2],
        "32": [0, 1],
        "33": [1, 1],
        "34": [1, 0],
        "35": [0, 2],
        "36": [0, 1],
        "37": [1, 1],
        "38": [0, 1],
        "39": [1, 1],
        "40": [1, 0],
        "41": [1, 0],
        "42": [1, 0]
      },
      "meta": {
        "lastBranch": 43,
        "lastFunction": 30,
        "lastStatement": 125,
        "seen": {
          "s:6:22:6:Infinity": 0,
          "s:7:25:7:Infinity": 1,
          "s:8:24:8:Infinity": 2,
          "s:9:17:9:Infinity": 3,
          "s:64:38:72:Infinity": 4,
          "s:74:40:78:Infinity": 5,
          "f:82:9:82:57": 0,
          "s:83:2:93:Infinity": 6,
          "f:84:4:84:12": 1,
          "b:85:6:85:Infinity:undefined:undefined:undefined:undefined": 0,
          "s:85:6:85:Infinity": 7,
          "s:85:51:85:Infinity": 8,
          "b:86:6:89:Infinity:undefined:undefined:undefined:undefined": 1,
          "s:86:6:89:Infinity": 9,
          "s:87:25:87:Infinity": 10,
          "s:88:8:88:Infinity": 11,
          "b:90:6:90:Infinity:undefined:undefined:undefined:undefined": 2,
          "s:90:6:90:Infinity": 12,
          "s:90:49:90:Infinity": 13,
          "b:91:6:91:Infinity:undefined:undefined:undefined:undefined": 3,
          "s:91:6:91:Infinity": 14,
          "s:91:53:91:Infinity": 15,
          "s:94:2:94:Infinity": 16,
          "f:97:9:97:18": 2,
          "s:98:2:98:Infinity": 17,
          "b:98:9:98:38:98:38:98:56:98:56:98:Infinity": 4,
          "f:101:9:101:24": 3,
          "s:102:2:102:Infinity": 18,
          "b:102:9:102:38:102:38:102:Infinity": 5,
          "f:105:9:105:23": 4,
          "s:106:2:115:Infinity": 19,
          "b:107:4:107:Infinity:108:4:108:Infinity:109:4:109:Infinity:110:4:110:Infinity:111:4:111:Infinity:112:4:112:Infinity:113:4:113:Infinity:114:4:114:Infinity:115:4:115:Infinity": 6,
          "f:119:16:119:39": 5,
          "b:120:2:120:Infinity:undefined:undefined:undefined:undefined": 7,
          "s:120:2:120:Infinity": 20,
          "s:120:24:120:Infinity": 21,
          "b:121:2:138:Infinity:undefined:undefined:undefined:undefined": 8,
          "s:121:2:138:Infinity": 22,
          "b:122:4:122:Infinity:123:4:123:Infinity:124:4:124:Infinity:125:4:125:Infinity:126:4:126:Infinity:127:4:127:Infinity:128:4:128:Infinity:129:4:129:Infinity:130:4:130:Infinity:131:4:131:Infinity:132:4:132:Infinity:133:4:133:Infinity:134:4:134:Infinity:135:4:135:Infinity": 9,
          "s:137:4:137:Infinity": 23,
          "s:139:16:139:Infinity": 24,
          "s:140:2:145:Infinity": 25,
          "b:141:4:141:Infinity:142:4:142:Infinity:143:4:143:Infinity:144:4:144:Infinity:145:4:145:Infinity": 10,
          "f:149:9:149:26": 6,
          "b:150:2:152:Infinity:undefined:undefined:undefined:undefined": 11,
          "s:150:2:152:Infinity": 26,
          "s:151:4:151:Infinity": 27,
          "s:154:2:154:Infinity": 28,
          "f:157:22:157:37": 7,
          "s:158:13:158:Infinity": 29,
          "s:159:2:159:Infinity": 30,
          "f:162:22:162:64": 8,
          "s:163:13:163:Infinity": 31,
          "s:164:14:164:Infinity": 32,
          "b:165:2:165:Infinity:undefined:undefined:undefined:undefined": 12,
          "s:165:2:165:Infinity": 33,
          "s:165:25:165:Infinity": 34,
          "b:166:2:179:Infinity:undefined:undefined:undefined:undefined": 13,
          "s:166:2:179:Infinity": 35,
          "s:167:25:167:Infinity": 36,
          "s:168:4:172:Infinity": 37,
          "s:173:4:173:Infinity": 38,
          "s:174:4:178:Infinity": 39,
          "s:180:2:184:Infinity": 40,
          "s:181:4:181:Infinity": 41,
          "s:183:4:183:Infinity": 42,
          "b:183:47:183:63:183:63:183:90": 14,
          "f:187:22:187:56": 9,
          "s:188:13:188:Infinity": 43,
          "s:189:2:189:Infinity": 44,
          "f:192:22:192:55": 10,
          "s:193:13:193:Infinity": 45,
          "s:194:2:194:Infinity": 46,
          "f:197:9:197:26": 11,
          "s:198:17:198:Infinity": 47,
          "s:199:16:199:Infinity": 48,
          "b:200:2:200:Infinity:undefined:undefined:undefined:undefined": 15,
          "s:200:2:200:Infinity": 49,
          "b:200:6:200:17:200:17:200:25": 16,
          "s:200:25:200:Infinity": 50,
          "s:201:23:203:Infinity": 51,
          "b:202:6:202:Infinity:203:6:203:Infinity": 17,
          "f:202:28:202:34": 12,
          "s:202:47:202:98": 52,
          "s:204:2:224:Infinity": 53,
          "b:220:14:220:44:220:44:220:Infinity": 18,
          "f:227:22:227:43": 13,
          "s:228:18:228:Infinity": 54,
          "s:229:13:229:Infinity": 55,
          "s:230:22:230:Infinity": 56,
          "s:231:19:231:Infinity": 57,
          "s:232:2:232:Infinity": 58,
          "b:232:48:232:60:232:60:232:67": 19,
          "s:234:23:234:Infinity": 59,
          "s:235:24:235:Infinity": 60,
          "s:236:18:236:Infinity": 61,
          "b:236:50:236:66:236:66:236:Infinity": 20,
          "b:237:2:240:Infinity:undefined:undefined:undefined:undefined": 21,
          "s:237:2:240:Infinity": 62,
          "s:238:4:238:Infinity": 63,
          "b:239:4:239:Infinity:undefined:undefined:undefined:undefined": 22,
          "s:239:4:239:Infinity": 64,
          "s:239:21:239:Infinity": 65,
          "s:241:2:241:Infinity": 66,
          "s:242:2:242:Infinity": 67,
          "s:243:2:243:Infinity": 68,
          "s:244:2:247:Infinity": 69,
          "s:248:2:248:Infinity": 70,
          "s:249:2:249:Infinity": 71,
          "s:252:2:252:Infinity": 72,
          "s:253:2:253:Infinity": 73,
          "s:254:2:254:Infinity": 74,
          "b:254:9:254:21:254:21:254:Infinity": 23,
          "f:257:9:257:16": 14,
          "s:258:2:258:Infinity": 75,
          "f:261:9:261:24": 15,
          "s:262:2:273:Infinity": 76,
          "b:263:4:263:Infinity:264:4:264:Infinity:265:4:265:Infinity:266:4:266:Infinity:267:4:267:Infinity:268:4:268:Infinity:269:4:269:Infinity:270:4:270:Infinity:271:4:271:Infinity:272:4:272:Infinity:273:4:273:Infinity": 24,
          "f:273:30:273:37": 16,
          "s:273:46:273:70": 77,
          "f:277:9:277:24": 17,
          "s:278:2:295:Infinity": 78,
          "b:279:4:279:Infinity:280:4:280:Infinity:281:4:281:Infinity:282:4:282:Infinity:283:4:283:Infinity:284:4:284:Infinity:285:4:285:Infinity:286:4:286:Infinity:287:4:287:Infinity:288:4:288:Infinity:289:4:289:Infinity:290:4:290:Infinity:291:4:291:Infinity:292:4:292:Infinity:293:4:293:Infinity:294:4:294:Infinity:295:4:295:Infinity": 25,
          "f:299:22:299:74": 18,
          "s:300:13:300:Infinity": 79,
          "s:301:17:301:Infinity": 80,
          "s:302:2:302:Infinity": 81,
          "f:302:16:302:22": 19,
          "s:302:38:302:87": 82,
          "f:305:22:305:38": 20,
          "s:306:13:306:Infinity": 83,
          "s:307:2:307:Infinity": 84,
          "f:310:22:310:41": 21,
          "s:311:13:311:Infinity": 85,
          "s:312:2:312:Infinity": 86,
          "f:315:22:315:63": 22,
          "s:316:13:316:Infinity": 87,
          "s:317:16:317:Infinity": 88,
          "s:318:2:318:Infinity": 89,
          "b:318:33:318:41:318:41:318:Infinity": 26,
          "f:321:22:321:65": 23,
          "s:322:13:322:Infinity": 90,
          "s:323:16:323:Infinity": 91,
          "s:324:2:324:Infinity": 92,
          "b:324:9:324:18:324:18:324:Infinity": 27,
          "f:327:22:327:40": 24,
          "s:328:13:328:Infinity": 93,
          "s:329:2:329:Infinity": 94,
          "f:332:22:332:65": 25,
          "s:333:52:338:Infinity": 95,
          "f:334:15:334:21": 26,
          "s:334:28:334:61": 96,
          "s:339:2:347:Infinity": 97,
          "b:343:21:343:38:343:38:343:Infinity": 28,
          "f:350:9:350:20": 27,
          "s:351:2:351:Infinity": 98,
          "b:351:9:351:39:351:39:351:67:351:67:351:Infinity": 29,
          "f:354:22:354:38": 28,
          "b:355:2:357:Infinity:undefined:undefined:undefined:undefined": 30,
          "s:355:2:357:Infinity": 99,
          "b:355:6:355:26:355:26:355:70": 31,
          "s:356:4:356:Infinity": 100,
          "b:358:2:360:Infinity:undefined:undefined:undefined:undefined": 32,
          "s:358:2:360:Infinity": 101,
          "b:358:6:358:49:358:49:358:98": 33,
          "s:359:4:359:Infinity": 102,
          "s:361:19:361:Infinity": 103,
          "b:361:51:361:68:361:68:361:Infinity": 34,
          "b:362:2:362:Infinity:undefined:undefined:undefined:undefined": 35,
          "s:362:2:362:Infinity": 104,
          "s:362:39:362:Infinity": 105,
          "b:363:2:365:Infinity:undefined:undefined:undefined:undefined": 36,
          "s:363:2:365:Infinity": 106,
          "b:363:6:363:40:363:40:363:83": 37,
          "s:364:4:364:Infinity": 107,
          "b:366:2:368:Infinity:undefined:undefined:undefined:undefined": 38,
          "s:366:2:368:Infinity": 108,
          "b:366:6:366:26:366:26:366:62": 39,
          "s:367:4:367:Infinity": 109,
          "s:369:13:369:Infinity": 110,
          "s:370:22:370:Infinity": 111,
          "b:371:2:375:Infinity:undefined:undefined:undefined:undefined": 40,
          "s:371:2:375:Infinity": 112,
          "s:372:4:374:Infinity": 113,
          "s:376:2:376:Infinity": 114,
          "s:376:34:376:Infinity": 115,
          "b:377:2:378:Infinity:undefined:undefined:undefined:undefined": 41,
          "s:377:2:378:Infinity": 116,
          "s:378:4:378:Infinity": 117,
          "b:379:2:388:Infinity:undefined:undefined:undefined:undefined": 42,
          "s:379:2:388:Infinity": 118,
          "s:380:4:387:Infinity": 119,
          "s:389:2:389:Infinity": 120,
          "f:392:22:392:58": 29,
          "s:393:13:393:Infinity": 121,
          "s:394:22:394:Infinity": 122,
          "s:395:2:400:Infinity": 123,
          "s:401:2:401:Infinity": 124
        },
        "fnNames": {}
      }
    }
  }
}
