{"total": {"lines":{"total":2189,"covered":1796,"skipped":0,"pct":82.04},"statements":{"total":2489,"covered":1949,"skipped":0,"pct":78.3},"functions":{"total":599,"covered":447,"skipped":0,"pct":74.62},"branches":{"total":2210,"covered":1468,"skipped":0,"pct":66.42},"branchesTrue":{"total":0,"covered":0,"skipped":0,"pct":100}}
,"D:\\Project_claude_code\\political-destiny\\src\\components\\game\\party-mark.tsx": {"lines":{"total":4,"covered":4,"skipped":0,"pct":100},"functions":{"total":1,"covered":1,"skipped":0,"pct":100},"statements":{"total":5,"covered":4,"skipped":0,"pct":80},"branches":{"total":16,"covered":12,"skipped":0,"pct":75}}
,"D:\\Project_claude_code\\political-destiny\\src\\components\\game\\poll-chart.tsx": {"lines":{"total":8,"covered":0,"skipped":0,"pct":0},"functions":{"total":4,"covered":0,"skipped":0,"pct":0},"statements":{"total":9,"covered":0,"skipped":0,"pct":0},"branches":{"total":4,"covered":0,"skipped":0,"pct":0}}
,"D:\\Project_claude_code\\political-destiny\\src\\components\\game\\regional-map.tsx": {"lines":{"total":5,"covered":1,"skipped":0,"pct":20},"functions":{"total":2,"covered":0,"skipped":0,"pct":0},"statements":{"total":5,"covered":1,"skipped":0,"pct":20},"branches":{"total":4,"covered":0,"skipped":0,"pct":0}}
,"D:\\Project_claude_code\\political-destiny\\src\\components\\game\\screen-shell.tsx": {"lines":{"total":1,"covered":1,"skipped":0,"pct":100},"functions":{"total":1,"covered":1,"skipped":0,"pct":100},"statements":{"total":1,"covered":1,"skipped":0,"pct":100},"branches":{"total":8,"covered":6,"skipped":0,"pct":75}}
,"D:\\Project_claude_code\\political-destiny\\src\\components\\game\\stat-gauge.tsx": {"lines":{"total":3,"covered":0,"skipped":0,"pct":0},"functions":{"total":1,"covered":0,"skipped":0,"pct":0},"statements":{"total":3,"covered":0,"skipped":0,"pct":0},"branches":{"total":16,"covered":0,"skipped":0,"pct":0}}
,"D:\\Project_claude_code\\political-destiny\\src\\components\\ui\\button.tsx": {"lines":{"total":3,"covered":3,"skipped":0,"pct":100},"functions":{"total":1,"covered":1,"skipped":0,"pct":100},"statements":{"total":3,"covered":3,"skipped":0,"pct":100},"branches":{"total":2,"covered":1,"skipped":0,"pct":50}}
,"D:\\Project_claude_code\\political-destiny\\src\\components\\ui\\card.tsx": {"lines":{"total":1,"covered":1,"skipped":0,"pct":100},"functions":{"total":1,"covered":1,"skipped":0,"pct":100},"statements":{"total":1,"covered":1,"skipped":0,"pct":100},"branches":{"total":0,"covered":0,"skipped":0,"pct":100}}
,"D:\\Project_claude_code\\political-destiny\\src\\components\\ui\\dialog.tsx": {"lines":{"total":2,"covered":2,"skipped":0,"pct":100},"functions":{"total":1,"covered":1,"skipped":0,"pct":100},"statements":{"total":2,"covered":2,"skipped":0,"pct":100},"branches":{"total":2,"covered":1,"skipped":0,"pct":50}}
,"D:\\Project_claude_code\\political-destiny\\src\\config\\game.ts": {"lines":{"total":1,"covered":1,"skipped":0,"pct":100},"functions":{"total":0,"covered":0,"skipped":0,"pct":100},"statements":{"total":1,"covered":1,"skipped":0,"pct":100},"branches":{"total":0,"covered":0,"skipped":0,"pct":100}}
,"D:\\Project_claude_code\\political-destiny\\src\\features\\campaign\\campaign-dashboard.tsx": {"lines":{"total":17,"covered":10,"skipped":0,"pct":58.82},"functions":{"total":10,"covered":3,"skipped":0,"pct":30},"statements":{"total":18,"covered":10,"skipped":0,"pct":55.55},"branches":{"total":36,"covered":10,"skipped":0,"pct":27.77}}
,"D:\\Project_claude_code\\political-destiny\\src\\features\\campaign\\campaign-screens.tsx": {"lines":{"total":72,"covered":17,"skipped":0,"pct":23.61},"functions":{"total":34,"covered":6,"skipped":0,"pct":17.64},"statements":{"total":97,"covered":20,"skipped":0,"pct":20.61},"branches":{"total":86,"covered":8,"skipped":0,"pct":9.3}}
,"D:\\Project_claude_code\\political-destiny\\src\\features\\campaign\\event-decision-card.tsx": {"lines":{"total":15,"covered":15,"skipped":0,"pct":100},"functions":{"total":9,"covered":9,"skipped":0,"pct":100},"statements":{"total":15,"covered":15,"skipped":0,"pct":100},"branches":{"total":22,"covered":18,"skipped":0,"pct":81.81}}
,"D:\\Project_claude_code\\political-destiny\\src\\features\\campaign\\gameStore.ts": {"lines":{"total":57,"covered":18,"skipped":0,"pct":31.57},"functions":{"total":25,"covered":8,"skipped":0,"pct":32},"statements":{"total":69,"covered":21,"skipped":0,"pct":30.43},"branches":{"total":45,"covered":13,"skipped":0,"pct":28.88}}
,"D:\\Project_claude_code\\political-destiny\\src\\features\\onboarding\\setup-screens.tsx": {"lines":{"total":116,"covered":39,"skipped":0,"pct":33.62},"functions":{"total":89,"covered":25,"skipped":0,"pct":28.08},"statements":{"total":147,"covered":43,"skipped":0,"pct":29.25},"branches":{"total":103,"covered":42,"skipped":0,"pct":40.77}}
,"D:\\Project_claude_code\\political-destiny\\src\\game\\data\\achievements.ts": {"lines":{"total":11,"covered":11,"skipped":0,"pct":100},"functions":{"total":3,"covered":3,"skipped":0,"pct":100},"statements":{"total":12,"covered":11,"skipped":0,"pct":91.66},"branches":{"total":2,"covered":1,"skipped":0,"pct":50}}
,"D:\\Project_claude_code\\political-destiny\\src\\game\\data\\actors.ts": {"lines":{"total":13,"covered":13,"skipped":0,"pct":100},"functions":{"total":5,"covered":5,"skipped":0,"pct":100},"statements":{"total":16,"covered":15,"skipped":0,"pct":93.75},"branches":{"total":16,"covered":12,"skipped":0,"pct":75}}
,"D:\\Project_claude_code\\political-destiny\\src\\game\\data\\campaignMethods.ts": {"lines":{"total":1,"covered":1,"skipped":0,"pct":100},"functions":{"total":0,"covered":0,"skipped":0,"pct":100},"statements":{"total":1,"covered":1,"skipped":0,"pct":100},"branches":{"total":0,"covered":0,"skipped":0,"pct":100}}
,"D:\\Project_claude_code\\political-destiny\\src\\game\\data\\customParty.ts": {"lines":{"total":63,"covered":60,"skipped":0,"pct":95.23},"functions":{"total":23,"covered":23,"skipped":0,"pct":100},"statements":{"total":66,"covered":63,"skipped":0,"pct":95.45},"branches":{"total":76,"covered":51,"skipped":0,"pct":67.1}}
,"D:\\Project_claude_code\\political-destiny\\src\\game\\data\\electorate.ts": {"lines":{"total":2,"covered":2,"skipped":0,"pct":100},"functions":{"total":0,"covered":0,"skipped":0,"pct":100},"statements":{"total":2,"covered":2,"skipped":0,"pct":100},"branches":{"total":0,"covered":0,"skipped":0,"pct":100}}
,"D:\\Project_claude_code\\political-destiny\\src\\game\\data\\endings.ts": {"lines":{"total":1,"covered":1,"skipped":0,"pct":100},"functions":{"total":0,"covered":0,"skipped":0,"pct":100},"statements":{"total":1,"covered":1,"skipped":0,"pct":100},"branches":{"total":0,"covered":0,"skipped":0,"pct":100}}
,"D:\\Project_claude_code\\political-destiny\\src\\game\\data\\entities.ts": {"lines":{"total":16,"covered":16,"skipped":0,"pct":100},"functions":{"total":6,"covered":6,"skipped":0,"pct":100},"statements":{"total":17,"covered":17,"skipped":0,"pct":100},"branches":{"total":4,"covered":3,"skipped":0,"pct":75}}
,"D:\\Project_claude_code\\political-destiny\\src\\game\\data\\index.ts": {"lines":{"total":1,"covered":1,"skipped":0,"pct":100},"functions":{"total":0,"covered":0,"skipped":0,"pct":100},"statements":{"total":1,"covered":1,"skipped":0,"pct":100},"branches":{"total":0,"covered":0,"skipped":0,"pct":100}}
,"D:\\Project_claude_code\\political-destiny\\src\\game\\data\\parties.ts": {"lines":{"total":14,"covered":13,"skipped":0,"pct":92.85},"functions":{"total":7,"covered":5,"skipped":0,"pct":71.42},"statements":{"total":19,"covered":16,"skipped":0,"pct":84.21},"branches":{"total":4,"covered":2,"skipped":0,"pct":50}}
,"D:\\Project_claude_code\\political-destiny\\src\\game\\data\\politicalCurrents.ts": {"lines":{"total":1,"covered":1,"skipped":0,"pct":100},"functions":{"total":0,"covered":0,"skipped":0,"pct":100},"statements":{"total":1,"covered":1,"skipped":0,"pct":100},"branches":{"total":0,"covered":0,"skipped":0,"pct":100}}
,"D:\\Project_claude_code\\political-destiny\\src\\game\\data\\qualityValidation.ts": {"lines":{"total":129,"covered":118,"skipped":0,"pct":91.47},"functions":{"total":44,"covered":44,"skipped":0,"pct":100},"statements":{"total":152,"covered":139,"skipped":0,"pct":91.44},"branches":{"total":126,"covered":109,"skipped":0,"pct":86.5}}
,"D:\\Project_claude_code\\political-destiny\\src\\game\\data\\validation.ts": {"lines":{"total":106,"covered":83,"skipped":0,"pct":78.3},"functions":{"total":25,"covered":24,"skipped":0,"pct":96},"statements":{"total":118,"covered":90,"skipped":0,"pct":76.27},"branches":{"total":97,"covered":61,"skipped":0,"pct":62.88}}
,"D:\\Project_claude_code\\political-destiny\\src\\game\\data\\events\\authoring.ts": {"lines":{"total":22,"covered":20,"skipped":0,"pct":90.9},"functions":{"total":22,"covered":20,"skipped":0,"pct":90.9},"statements":{"total":22,"covered":20,"skipped":0,"pct":90.9},"branches":{"total":64,"covered":47,"skipped":0,"pct":73.43}}
,"D:\\Project_claude_code\\political-destiny\\src\\game\\data\\events\\index.ts": {"lines":{"total":6,"covered":6,"skipped":0,"pct":100},"functions":{"total":0,"covered":0,"skipped":0,"pct":100},"statements":{"total":6,"covered":6,"skipped":0,"pct":100},"branches":{"total":0,"covered":0,"skipped":0,"pct":100}}
,"D:\\Project_claude_code\\political-destiny\\src\\game\\data\\events\\v2\\alliances.ts": {"lines":{"total":2,"covered":2,"skipped":0,"pct":100},"functions":{"total":0,"covered":0,"skipped":0,"pct":100},"statements":{"total":2,"covered":2,"skipped":0,"pct":100},"branches":{"total":0,"covered":0,"skipped":0,"pct":100}}
,"D:\\Project_claude_code\\political-destiny\\src\\game\\data\\events\\v2\\campaign.ts": {"lines":{"total":4,"covered":4,"skipped":0,"pct":100},"functions":{"total":0,"covered":0,"skipped":0,"pct":100},"statements":{"total":4,"covered":4,"skipped":0,"pct":100},"branches":{"total":0,"covered":0,"skipped":0,"pct":100}}
,"D:\\Project_claude_code\\political-destiny\\src\\game\\data\\events\\v2\\customParty.ts": {"lines":{"total":3,"covered":3,"skipped":0,"pct":100},"functions":{"total":0,"covered":0,"skipped":0,"pct":100},"statements":{"total":3,"covered":3,"skipped":0,"pct":100},"branches":{"total":0,"covered":0,"skipped":0,"pct":100}}
,"D:\\Project_claude_code\\political-destiny\\src\\game\\data\\events\\v2\\debates.ts": {"lines":{"total":2,"covered":2,"skipped":0,"pct":100},"functions":{"total":0,"covered":0,"skipped":0,"pct":100},"statements":{"total":2,"covered":2,"skipped":0,"pct":100},"branches":{"total":0,"covered":0,"skipped":0,"pct":100}}
,"D:\\Project_claude_code\\political-destiny\\src\\game\\data\\events\\v2\\endgame.ts": {"lines":{"total":3,"covered":3,"skipped":0,"pct":100},"functions":{"total":0,"covered":0,"skipped":0,"pct":100},"statements":{"total":3,"covered":3,"skipped":0,"pct":100},"branches":{"total":0,"covered":0,"skipped":0,"pct":100}}
,"D:\\Project_claude_code\\political-destiny\\src\\game\\data\\events\\v2\\ideologyEligibility.ts": {"lines":{"total":7,"covered":7,"skipped":0,"pct":100},"functions":{"total":2,"covered":2,"skipped":0,"pct":100},"statements":{"total":8,"covered":8,"skipped":0,"pct":100},"branches":{"total":8,"covered":8,"skipped":0,"pct":100}}
,"D:\\Project_claude_code\\political-destiny\\src\\game\\data\\events\\v2\\index.ts": {"lines":{"total":3,"covered":3,"skipped":0,"pct":100},"functions":{"total":0,"covered":0,"skipped":0,"pct":100},"statements":{"total":3,"covered":3,"skipped":0,"pct":100},"branches":{"total":0,"covered":0,"skipped":0,"pct":100}}
,"D:\\Project_claude_code\\political-destiny\\src\\game\\data\\events\\v2\\internal.ts": {"lines":{"total":2,"covered":2,"skipped":0,"pct":100},"functions":{"total":0,"covered":0,"skipped":0,"pct":100},"statements":{"total":2,"covered":2,"skipped":0,"pct":100},"branches":{"total":0,"covered":0,"skipped":0,"pct":100}}
,"D:\\Project_claude_code\\political-destiny\\src\\game\\data\\events\\v2\\media.ts": {"lines":{"total":2,"covered":2,"skipped":0,"pct":100},"functions":{"total":0,"covered":0,"skipped":0,"pct":100},"statements":{"total":2,"covered":2,"skipped":0,"pct":100},"branches":{"total":0,"covered":0,"skipped":0,"pct":100}}
,"D:\\Project_claude_code\\political-destiny\\src\\game\\data\\events\\v2\\partiesEcologistes.ts": {"lines":{"total":1,"covered":1,"skipped":0,"pct":100},"functions":{"total":0,"covered":0,"skipped":0,"pct":100},"statements":{"total":1,"covered":1,"skipped":0,"pct":100},"branches":{"total":0,"covered":0,"skipped":0,"pct":100}}
,"D:\\Project_claude_code\\political-destiny\\src\\game\\data\\events\\v2\\partiesHorizons.ts": {"lines":{"total":1,"covered":1,"skipped":0,"pct":100},"functions":{"total":0,"covered":0,"skipped":0,"pct":100},"statements":{"total":1,"covered":1,"skipped":0,"pct":100},"branches":{"total":0,"covered":0,"skipped":0,"pct":100}}
,"D:\\Project_claude_code\\political-destiny\\src\\game\\data\\events\\v2\\partiesLeft.ts": {"lines":{"total":3,"covered":3,"skipped":0,"pct":100},"functions":{"total":1,"covered":1,"skipped":0,"pct":100},"statements":{"total":3,"covered":3,"skipped":0,"pct":100},"branches":{"total":0,"covered":0,"skipped":0,"pct":100}}
,"D:\\Project_claude_code\\political-destiny\\src\\game\\data\\events\\v2\\partiesLr.ts": {"lines":{"total":1,"covered":1,"skipped":0,"pct":100},"functions":{"total":0,"covered":0,"skipped":0,"pct":100},"statements":{"total":1,"covered":1,"skipped":0,"pct":100},"branches":{"total":0,"covered":0,"skipped":0,"pct":100}}
,"D:\\Project_claude_code\\political-destiny\\src\\game\\data\\events\\v2\\partiesNouvelleEnergie.ts": {"lines":{"total":1,"covered":1,"skipped":0,"pct":100},"functions":{"total":0,"covered":0,"skipped":0,"pct":100},"statements":{"total":1,"covered":1,"skipped":0,"pct":100},"branches":{"total":0,"covered":0,"skipped":0,"pct":100}}
,"D:\\Project_claude_code\\political-destiny\\src\\game\\data\\events\\v2\\partiesPs.ts": {"lines":{"total":1,"covered":1,"skipped":0,"pct":100},"functions":{"total":0,"covered":0,"skipped":0,"pct":100},"statements":{"total":1,"covered":1,"skipped":0,"pct":100},"branches":{"total":0,"covered":0,"skipped":0,"pct":100}}
,"D:\\Project_claude_code\\political-destiny\\src\\game\\data\\events\\v2\\partiesReconquete.ts": {"lines":{"total":1,"covered":1,"skipped":0,"pct":100},"functions":{"total":0,"covered":0,"skipped":0,"pct":100},"statements":{"total":1,"covered":1,"skipped":0,"pct":100},"branches":{"total":0,"covered":0,"skipped":0,"pct":100}}
,"D:\\Project_claude_code\\political-destiny\\src\\game\\data\\events\\v2\\partiesRenaissance.ts": {"lines":{"total":1,"covered":1,"skipped":0,"pct":100},"functions":{"total":0,"covered":0,"skipped":0,"pct":100},"statements":{"total":1,"covered":1,"skipped":0,"pct":100},"branches":{"total":0,"covered":0,"skipped":0,"pct":100}}
,"D:\\Project_claude_code\\political-destiny\\src\\game\\data\\events\\v2\\partiesRn.ts": {"lines":{"total":1,"covered":1,"skipped":0,"pct":100},"functions":{"total":0,"covered":0,"skipped":0,"pct":100},"statements":{"total":1,"covered":1,"skipped":0,"pct":100},"branches":{"total":0,"covered":0,"skipped":0,"pct":100}}
,"D:\\Project_claude_code\\political-destiny\\src\\game\\data\\events\\v2\\partyAuthoring.ts": {"lines":{"total":1,"covered":1,"skipped":0,"pct":100},"functions":{"total":1,"covered":1,"skipped":0,"pct":100},"statements":{"total":1,"covered":1,"skipped":0,"pct":100},"branches":{"total":2,"covered":2,"skipped":0,"pct":100}}
,"D:\\Project_claude_code\\political-destiny\\src\\game\\data\\events\\v2\\program.ts": {"lines":{"total":2,"covered":2,"skipped":0,"pct":100},"functions":{"total":0,"covered":0,"skipped":0,"pct":100},"statements":{"total":2,"covered":2,"skipped":0,"pct":100},"branches":{"total":0,"covered":0,"skipped":0,"pct":100}}
,"D:\\Project_claude_code\\political-destiny\\src\\game\\data\\events\\v2\\rare.ts": {"lines":{"total":2,"covered":2,"skipped":0,"pct":100},"functions":{"total":0,"covered":0,"skipped":0,"pct":100},"statements":{"total":2,"covered":2,"skipped":0,"pct":100},"branches":{"total":0,"covered":0,"skipped":0,"pct":100}}
,"D:\\Project_claude_code\\political-destiny\\src\\game\\data\\events\\v2\\scandals.ts": {"lines":{"total":2,"covered":2,"skipped":0,"pct":100},"functions":{"total":0,"covered":0,"skipped":0,"pct":100},"statements":{"total":2,"covered":2,"skipped":0,"pct":100},"branches":{"total":0,"covered":0,"skipped":0,"pct":100}}
,"D:\\Project_claude_code\\political-destiny\\src\\game\\data\\events\\v2\\world.ts": {"lines":{"total":2,"covered":2,"skipped":0,"pct":100},"functions":{"total":0,"covered":0,"skipped":0,"pct":100},"statements":{"total":2,"covered":2,"skipped":0,"pct":100},"branches":{"total":0,"covered":0,"skipped":0,"pct":100}}
,"D:\\Project_claude_code\\political-destiny\\src\\game\\data\\realWorldSnapshot\\snapshot.ts": {"lines":{"total":4,"covered":4,"skipped":0,"pct":100},"functions":{"total":1,"covered":1,"skipped":0,"pct":100},"statements":{"total":4,"covered":4,"skipped":0,"pct":100},"branches":{"total":0,"covered":0,"skipped":0,"pct":100}}
,"D:\\Project_claude_code\\political-destiny\\src\\game\\engine\\achievements.ts": {"lines":{"total":66,"covered":60,"skipped":0,"pct":90.9},"functions":{"total":21,"covered":20,"skipped":0,"pct":95.23},"statements":{"total":79,"covered":71,"skipped":0,"pct":89.87},"branches":{"total":109,"covered":79,"skipped":0,"pct":72.47}}
,"D:\\Project_claude_code\\political-destiny\\src\\game\\engine\\calendar.ts": {"lines":{"total":17,"covered":15,"skipped":0,"pct":88.23},"functions":{"total":5,"covered":4,"skipped":0,"pct":80},"statements":{"total":21,"covered":19,"skipped":0,"pct":90.47},"branches":{"total":8,"covered":7,"skipped":0,"pct":87.5}}
,"D:\\Project_claude_code\\political-destiny\\src\\game\\engine\\conditions.ts": {"lines":{"total":26,"covered":10,"skipped":0,"pct":38.46},"functions":{"total":7,"covered":6,"skipped":0,"pct":85.71},"statements":{"total":28,"covered":11,"skipped":0,"pct":39.28},"branches":{"total":35,"covered":6,"skipped":0,"pct":17.14}}
,"D:\\Project_claude_code\\political-destiny\\src\\game\\engine\\effectProcessor.ts": {"lines":{"total":126,"covered":98,"skipped":0,"pct":77.77},"functions":{"total":12,"covered":10,"skipped":0,"pct":83.33},"statements":{"total":143,"covered":102,"skipped":0,"pct":71.32},"branches":{"total":138,"covered":83,"skipped":0,"pct":60.14}}
,"D:\\Project_claude_code\\political-destiny\\src\\game\\engine\\election.ts": {"lines":{"total":99,"covered":96,"skipped":0,"pct":96.96},"functions":{"total":11,"covered":11,"skipped":0,"pct":100},"statements":{"total":108,"covered":100,"skipped":0,"pct":92.59},"branches":{"total":91,"covered":66,"skipped":0,"pct":72.52}}
,"D:\\Project_claude_code\\political-destiny\\src\\game\\engine\\electorate.ts": {"lines":{"total":60,"covered":58,"skipped":0,"pct":96.66},"functions":{"total":8,"covered":8,"skipped":0,"pct":100},"statements":{"total":61,"covered":58,"skipped":0,"pct":95.08},"branches":{"total":31,"covered":19,"skipped":0,"pct":61.29}}
,"D:\\Project_claude_code\\political-destiny\\src\\game\\engine\\endings.ts": {"lines":{"total":33,"covered":26,"skipped":0,"pct":78.78},"functions":{"total":4,"covered":4,"skipped":0,"pct":100},"statements":{"total":40,"covered":28,"skipped":0,"pct":70},"branches":{"total":71,"covered":45,"skipped":0,"pct":63.38}}
,"D:\\Project_claude_code\\political-destiny\\src\\game\\engine\\eventSelector.ts": {"lines":{"total":54,"covered":51,"skipped":0,"pct":94.44},"functions":{"total":14,"covered":12,"skipped":0,"pct":85.71},"statements":{"total":77,"covered":68,"skipped":0,"pct":88.31},"branches":{"total":95,"covered":87,"skipped":0,"pct":91.57}}
,"D:\\Project_claude_code\\political-destiny\\src\\game\\engine\\game.ts": {"lines":{"total":143,"covered":135,"skipped":0,"pct":94.4},"functions":{"total":22,"covered":22,"skipped":0,"pct":100},"statements":{"total":155,"covered":144,"skipped":0,"pct":92.9},"branches":{"total":115,"covered":96,"skipped":0,"pct":83.47}}
,"D:\\Project_claude_code\\political-destiny\\src\\game\\engine\\index.ts": {"lines":{"total":0,"covered":0,"skipped":0,"pct":100},"functions":{"total":0,"covered":0,"skipped":0,"pct":100},"statements":{"total":0,"covered":0,"skipped":0,"pct":100},"branches":{"total":0,"covered":0,"skipped":0,"pct":100}}
,"D:\\Project_claude_code\\political-destiny\\src\\game\\engine\\math.ts": {"lines":{"total":42,"covered":40,"skipped":0,"pct":95.23},"functions":{"total":22,"covered":18,"skipped":0,"pct":81.81},"statements":{"total":61,"covered":51,"skipped":0,"pct":83.6},"branches":{"total":34,"covered":23,"skipped":0,"pct":67.64}}
,"D:\\Project_claude_code\\political-destiny\\src\\game\\engine\\membership.ts": {"lines":{"total":19,"covered":19,"skipped":0,"pct":100},"functions":{"total":3,"covered":3,"skipped":0,"pct":100},"statements":{"total":22,"covered":21,"skipped":0,"pct":95.45},"branches":{"total":22,"covered":20,"skipped":0,"pct":90.9}}
,"D:\\Project_claude_code\\political-destiny\\src\\game\\engine\\narrativeThreads.ts": {"lines":{"total":33,"covered":33,"skipped":0,"pct":100},"functions":{"total":9,"covered":9,"skipped":0,"pct":100},"statements":{"total":39,"covered":37,"skipped":0,"pct":94.87},"branches":{"total":30,"covered":26,"skipped":0,"pct":86.66}}
,"D:\\Project_claude_code\\political-destiny\\src\\game\\engine\\opponentSimulation.ts": {"lines":{"total":186,"covered":178,"skipped":0,"pct":95.69},"functions":{"total":21,"covered":21,"skipped":0,"pct":100},"statements":{"total":198,"covered":184,"skipped":0,"pct":92.92},"branches":{"total":181,"covered":143,"skipped":0,"pct":79}}
,"D:\\Project_claude_code\\political-destiny\\src\\game\\engine\\outcomeResolver.ts": {"lines":{"total":56,"covered":36,"skipped":0,"pct":64.28},"functions":{"total":16,"covered":12,"skipped":0,"pct":75},"statements":{"total":61,"covered":38,"skipped":0,"pct":62.29},"branches":{"total":56,"covered":14,"skipped":0,"pct":25}}
,"D:\\Project_claude_code\\political-destiny\\src\\game\\engine\\partyDynamics.ts": {"lines":{"total":40,"covered":39,"skipped":0,"pct":97.5},"functions":{"total":5,"covered":4,"skipped":0,"pct":80},"statements":{"total":45,"covered":40,"skipped":0,"pct":88.88},"branches":{"total":30,"covered":19,"skipped":0,"pct":63.33}}
,"D:\\Project_claude_code\\political-destiny\\src\\game\\engine\\polls.ts": {"lines":{"total":26,"covered":24,"skipped":0,"pct":92.3},"functions":{"total":2,"covered":2,"skipped":0,"pct":100},"statements":{"total":27,"covered":25,"skipped":0,"pct":92.59},"branches":{"total":23,"covered":13,"skipped":0,"pct":56.52}}
,"D:\\Project_claude_code\\political-destiny\\src\\game\\engine\\rng.ts": {"lines":{"total":41,"covered":33,"skipped":0,"pct":80.48},"functions":{"total":10,"covered":9,"skipped":0,"pct":90},"statements":{"total":48,"covered":38,"skipped":0,"pct":79.16},"branches":{"total":14,"covered":10,"skipped":0,"pct":71.42}}
,"D:\\Project_claude_code\\political-destiny\\src\\game\\engine\\scoring.ts": {"lines":{"total":73,"covered":72,"skipped":0,"pct":98.63},"functions":{"total":27,"covered":27,"skipped":0,"pct":100},"statements":{"total":77,"covered":74,"skipped":0,"pct":96.1},"branches":{"total":74,"covered":59,"skipped":0,"pct":79.72}}
,"D:\\Project_claude_code\\political-destiny\\src\\game\\engine\\statements.ts": {"lines":{"total":69,"covered":61,"skipped":0,"pct":88.4},"functions":{"total":9,"covered":9,"skipped":0,"pct":100},"statements":{"total":77,"covered":68,"skipped":0,"pct":88.31},"branches":{"total":68,"covered":56,"skipped":0,"pct":82.35}}
,"D:\\Project_claude_code\\political-destiny\\src\\game\\engine\\validation.ts": {"lines":{"total":53,"covered":37,"skipped":0,"pct":69.81},"functions":{"total":3,"covered":3,"skipped":0,"pct":100},"statements":{"total":60,"covered":39,"skipped":0,"pct":65},"branches":{"total":81,"covered":60,"skipped":0,"pct":74.07}}
,"D:\\Project_claude_code\\political-destiny\\src\\game\\fixtures\\testContent.ts": {"lines":{"total":16,"covered":16,"skipped":0,"pct":100},"functions":{"total":8,"covered":8,"skipped":0,"pct":100},"statements":{"total":21,"covered":20,"skipped":0,"pct":95.23},"branches":{"total":16,"covered":13,"skipped":0,"pct":81.25}}
,"D:\\Project_claude_code\\political-destiny\\src\\game\\schemas\\content.ts": {"lines":{"total":23,"covered":23,"skipped":0,"pct":100},"functions":{"total":0,"covered":0,"skipped":0,"pct":100},"statements":{"total":23,"covered":23,"skipped":0,"pct":100},"branches":{"total":0,"covered":0,"skipped":0,"pct":100}}
,"D:\\Project_claude_code\\political-destiny\\src\\game\\schemas\\index.ts": {"lines":{"total":0,"covered":0,"skipped":0,"pct":100},"functions":{"total":0,"covered":0,"skipped":0,"pct":100},"statements":{"total":0,"covered":0,"skipped":0,"pct":100},"branches":{"total":0,"covered":0,"skipped":0,"pct":100}}
,"D:\\Project_claude_code\\political-destiny\\src\\lib\\game-presentation.ts": {"lines":{"total":9,"covered":8,"skipped":0,"pct":88.88},"functions":{"total":4,"covered":3,"skipped":0,"pct":75},"statements":{"total":9,"covered":8,"skipped":0,"pct":88.88},"branches":{"total":1,"covered":0,"skipped":0,"pct":0}}
,"D:\\Project_claude_code\\political-destiny\\src\\lib\\utils.ts": {"lines":{"total":1,"covered":1,"skipped":0,"pct":100},"functions":{"total":1,"covered":1,"skipped":0,"pct":100},"statements":{"total":1,"covered":1,"skipped":0,"pct":100},"branches":{"total":0,"covered":0,"skipped":0,"pct":100}}
,"D:\\Project_claude_code\\political-destiny\\src\\lib\\storage\\game-database.ts": {"lines":{"total":135,"covered":117,"skipped":0,"pct":86.66},"functions":{"total":36,"covered":30,"skipped":0,"pct":83.33},"statements":{"total":145,"covered":123,"skipped":0,"pct":84.82},"branches":{"total":144,"covered":117,"skipped":0,"pct":81.25}}
}
