{"total": {"lines":{"total":1567,"covered":1244,"skipped":0,"pct":79.38},"statements":{"total":1803,"covered":1348,"skipped":0,"pct":74.76},"functions":{"total":434,"covered":292,"skipped":0,"pct":67.28},"branches":{"total":1523,"covered":977,"skipped":0,"pct":64.14},"branchesTrue":{"total":0,"covered":0,"skipped":0,"pct":100}}
,"D:\\Project_claude_code\\political-destiny\\src\\components\\game\\party-mark.tsx": {"lines":{"total":4,"covered":4,"skipped":0,"pct":100},"functions":{"total":1,"covered":1,"skipped":0,"pct":100},"statements":{"total":5,"covered":4,"skipped":0,"pct":80},"branches":{"total":16,"covered":12,"skipped":0,"pct":75}}
,"D:\\Project_claude_code\\political-destiny\\src\\components\\game\\poll-chart.tsx": {"lines":{"total":8,"covered":0,"skipped":0,"pct":0},"functions":{"total":4,"covered":0,"skipped":0,"pct":0},"statements":{"total":9,"covered":0,"skipped":0,"pct":0},"branches":{"total":4,"covered":0,"skipped":0,"pct":0}}
,"D:\\Project_claude_code\\political-destiny\\src\\components\\game\\regional-map.tsx": {"lines":{"total":5,"covered":1,"skipped":0,"pct":20},"functions":{"total":2,"covered":0,"skipped":0,"pct":0},"statements":{"total":5,"covered":1,"skipped":0,"pct":20},"branches":{"total":4,"covered":0,"skipped":0,"pct":0}}
,"D:\\Project_claude_code\\political-destiny\\src\\components\\game\\screen-shell.tsx": {"lines":{"total":1,"covered":1,"skipped":0,"pct":100},"functions":{"total":1,"covered":1,"skipped":0,"pct":100},"statements":{"total":1,"covered":1,"skipped":0,"pct":100},"branches":{"total":8,"covered":6,"skipped":0,"pct":75}}
,"D:\\Project_claude_code\\political-destiny\\src\\components\\game\\stat-gauge.tsx": {"lines":{"total":3,"covered":0,"skipped":0,"pct":0},"functions":{"total":1,"covered":0,"skipped":0,"pct":0},"statements":{"total":3,"covered":0,"skipped":0,"pct":0},"branches":{"total":16,"covered":0,"skipped":0,"pct":0}}
,"D:\\Project_claude_code\\political-destiny\\src\\components\\ui\\button.tsx": {"lines":{"total":3,"covered":3,"skipped":0,"pct":100},"functions":{"total":1,"covered":1,"skipped":0,"pct":100},"statements":{"total":3,"covered":3,"skipped":0,"pct":100},"branches":{"total":2,"covered":1,"skipped":0,"pct":50}}
,"D:\\Project_claude_code\\political-destiny\\src\\components\\ui\\card.tsx": {"lines":{"total":1,"covered":1,"skipped":0,"pct":100},"functions":{"total":1,"covered":1,"skipped":0,"pct":100},"statements":{"total":1,"covered":1,"skipped":0,"pct":100},"branches":{"total":0,"covered":0,"skipped":0,"pct":100}}
,"D:\\Project_claude_code\\political-destiny\\src\\components\\ui\\dialog.tsx": {"lines":{"total":2,"covered":2,"skipped":0,"pct":100},"functions":{"total":1,"covered":1,"skipped":0,"pct":100},"statements":{"total":2,"covered":2,"skipped":0,"pct":100},"branches":{"total":2,"covered":1,"skipped":0,"pct":50}}
,"D:\\Project_claude_code\\political-destiny\\src\\config\\game.ts": {"lines":{"total":1,"covered":1,"skipped":0,"pct":100},"functions":{"total":0,"covered":0,"skipped":0,"pct":100},"statements":{"total":1,"covered":1,"skipped":0,"pct":100},"branches":{"total":0,"covered":0,"skipped":0,"pct":100}}
,"D:\\Project_claude_code\\political-destiny\\src\\features\\campaign\\campaign-dashboard.tsx": {"lines":{"total":14,"covered":9,"skipped":0,"pct":64.28},"functions":{"total":8,"covered":3,"skipped":0,"pct":37.5},"statements":{"total":15,"covered":9,"skipped":0,"pct":60},"branches":{"total":24,"covered":10,"skipped":0,"pct":41.66}}
,"D:\\Project_claude_code\\political-destiny\\src\\features\\campaign\\campaign-screens.tsx": {"lines":{"total":108,"covered":52,"skipped":0,"pct":48.14},"functions":{"total":53,"covered":25,"skipped":0,"pct":47.16},"statements":{"total":140,"covered":59,"skipped":0,"pct":42.14},"branches":{"total":131,"covered":43,"skipped":0,"pct":32.82}}
,"D:\\Project_claude_code\\political-destiny\\src\\features\\campaign\\gameStore.ts": {"lines":{"total":52,"covered":18,"skipped":0,"pct":34.61},"functions":{"total":23,"covered":8,"skipped":0,"pct":34.78},"statements":{"total":63,"covered":21,"skipped":0,"pct":33.33},"branches":{"total":43,"covered":13,"skipped":0,"pct":30.23}}
,"D:\\Project_claude_code\\political-destiny\\src\\features\\onboarding\\setup-screens.tsx": {"lines":{"total":116,"covered":39,"skipped":0,"pct":33.62},"functions":{"total":89,"covered":25,"skipped":0,"pct":28.08},"statements":{"total":147,"covered":43,"skipped":0,"pct":29.25},"branches":{"total":103,"covered":42,"skipped":0,"pct":40.77}}
,"D:\\Project_claude_code\\political-destiny\\src\\game\\data\\achievements.ts": {"lines":{"total":1,"covered":1,"skipped":0,"pct":100},"functions":{"total":0,"covered":0,"skipped":0,"pct":100},"statements":{"total":1,"covered":1,"skipped":0,"pct":100},"branches":{"total":0,"covered":0,"skipped":0,"pct":100}}
,"D:\\Project_claude_code\\political-destiny\\src\\game\\data\\actors.ts": {"lines":{"total":13,"covered":13,"skipped":0,"pct":100},"functions":{"total":5,"covered":5,"skipped":0,"pct":100},"statements":{"total":16,"covered":15,"skipped":0,"pct":93.75},"branches":{"total":16,"covered":12,"skipped":0,"pct":75}}
,"D:\\Project_claude_code\\political-destiny\\src\\game\\data\\campaignMethods.ts": {"lines":{"total":1,"covered":1,"skipped":0,"pct":100},"functions":{"total":0,"covered":0,"skipped":0,"pct":100},"statements":{"total":1,"covered":1,"skipped":0,"pct":100},"branches":{"total":0,"covered":0,"skipped":0,"pct":100}}
,"D:\\Project_claude_code\\political-destiny\\src\\game\\data\\customParty.ts": {"lines":{"total":27,"covered":27,"skipped":0,"pct":100},"functions":{"total":9,"covered":9,"skipped":0,"pct":100},"statements":{"total":29,"covered":29,"skipped":0,"pct":100},"branches":{"total":20,"covered":10,"skipped":0,"pct":50}}
,"D:\\Project_claude_code\\political-destiny\\src\\game\\data\\electorate.ts": {"lines":{"total":2,"covered":2,"skipped":0,"pct":100},"functions":{"total":0,"covered":0,"skipped":0,"pct":100},"statements":{"total":2,"covered":2,"skipped":0,"pct":100},"branches":{"total":0,"covered":0,"skipped":0,"pct":100}}
,"D:\\Project_claude_code\\political-destiny\\src\\game\\data\\endings.ts": {"lines":{"total":1,"covered":1,"skipped":0,"pct":100},"functions":{"total":0,"covered":0,"skipped":0,"pct":100},"statements":{"total":1,"covered":1,"skipped":0,"pct":100},"branches":{"total":0,"covered":0,"skipped":0,"pct":100}}
,"D:\\Project_claude_code\\political-destiny\\src\\game\\data\\index.ts": {"lines":{"total":1,"covered":1,"skipped":0,"pct":100},"functions":{"total":0,"covered":0,"skipped":0,"pct":100},"statements":{"total":1,"covered":1,"skipped":0,"pct":100},"branches":{"total":0,"covered":0,"skipped":0,"pct":100}}
,"D:\\Project_claude_code\\political-destiny\\src\\game\\data\\parties.ts": {"lines":{"total":8,"covered":7,"skipped":0,"pct":87.5},"functions":{"total":6,"covered":4,"skipped":0,"pct":66.66},"statements":{"total":12,"covered":10,"skipped":0,"pct":83.33},"branches":{"total":2,"covered":1,"skipped":0,"pct":50}}
,"D:\\Project_claude_code\\political-destiny\\src\\game\\data\\politicalCurrents.ts": {"lines":{"total":1,"covered":1,"skipped":0,"pct":100},"functions":{"total":0,"covered":0,"skipped":0,"pct":100},"statements":{"total":1,"covered":1,"skipped":0,"pct":100},"branches":{"total":0,"covered":0,"skipped":0,"pct":100}}
,"D:\\Project_claude_code\\political-destiny\\src\\game\\data\\validation.ts": {"lines":{"total":96,"covered":75,"skipped":0,"pct":78.12},"functions":{"total":21,"covered":21,"skipped":0,"pct":100},"statements":{"total":108,"covered":82,"skipped":0,"pct":75.92},"branches":{"total":81,"covered":53,"skipped":0,"pct":65.43}}
,"D:\\Project_claude_code\\political-destiny\\src\\game\\data\\events\\endgame.ts": {"lines":{"total":4,"covered":4,"skipped":0,"pct":100},"functions":{"total":0,"covered":0,"skipped":0,"pct":100},"statements":{"total":4,"covered":4,"skipped":0,"pct":100},"branches":{"total":0,"covered":0,"skipped":0,"pct":100}}
,"D:\\Project_claude_code\\political-destiny\\src\\game\\data\\events\\factory.ts": {"lines":{"total":40,"covered":40,"skipped":0,"pct":100},"functions":{"total":7,"covered":7,"skipped":0,"pct":100},"statements":{"total":41,"covered":41,"skipped":0,"pct":100},"branches":{"total":80,"covered":78,"skipped":0,"pct":97.5}}
,"D:\\Project_claude_code\\political-destiny\\src\\game\\data\\events\\general.ts": {"lines":{"total":5,"covered":5,"skipped":0,"pct":100},"functions":{"total":0,"covered":0,"skipped":0,"pct":100},"statements":{"total":5,"covered":5,"skipped":0,"pct":100},"branches":{"total":0,"covered":0,"skipped":0,"pct":100}}
,"D:\\Project_claude_code\\political-destiny\\src\\game\\data\\events\\index.ts": {"lines":{"total":1,"covered":1,"skipped":0,"pct":100},"functions":{"total":0,"covered":0,"skipped":0,"pct":100},"statements":{"total":1,"covered":1,"skipped":0,"pct":100},"branches":{"total":0,"covered":0,"skipped":0,"pct":100}}
,"D:\\Project_claude_code\\political-destiny\\src\\game\\data\\events\\internal.ts": {"lines":{"total":4,"covered":4,"skipped":0,"pct":100},"functions":{"total":0,"covered":0,"skipped":0,"pct":100},"statements":{"total":4,"covered":4,"skipped":0,"pct":100},"branches":{"total":0,"covered":0,"skipped":0,"pct":100}}
,"D:\\Project_claude_code\\political-destiny\\src\\game\\data\\events\\partySpecific.ts": {"lines":{"total":15,"covered":15,"skipped":0,"pct":100},"functions":{"total":3,"covered":3,"skipped":0,"pct":100},"statements":{"total":15,"covered":15,"skipped":0,"pct":100},"branches":{"total":2,"covered":1,"skipped":0,"pct":50}}
,"D:\\Project_claude_code\\political-destiny\\src\\game\\data\\events\\world.ts": {"lines":{"total":3,"covered":3,"skipped":0,"pct":100},"functions":{"total":0,"covered":0,"skipped":0,"pct":100},"statements":{"total":3,"covered":3,"skipped":0,"pct":100},"branches":{"total":0,"covered":0,"skipped":0,"pct":100}}
,"D:\\Project_claude_code\\political-destiny\\src\\game\\data\\realWorldSnapshot\\snapshot.ts": {"lines":{"total":4,"covered":4,"skipped":0,"pct":100},"functions":{"total":1,"covered":1,"skipped":0,"pct":100},"statements":{"total":4,"covered":4,"skipped":0,"pct":100},"branches":{"total":0,"covered":0,"skipped":0,"pct":100}}
,"D:\\Project_claude_code\\political-destiny\\src\\game\\engine\\achievements.ts": {"lines":{"total":60,"covered":59,"skipped":0,"pct":98.33},"functions":{"total":13,"covered":13,"skipped":0,"pct":100},"statements":{"total":68,"covered":67,"skipped":0,"pct":98.52},"branches":{"total":112,"covered":94,"skipped":0,"pct":83.92}}
,"D:\\Project_claude_code\\political-destiny\\src\\game\\engine\\calendar.ts": {"lines":{"total":17,"covered":15,"skipped":0,"pct":88.23},"functions":{"total":5,"covered":4,"skipped":0,"pct":80},"statements":{"total":21,"covered":19,"skipped":0,"pct":90.47},"branches":{"total":8,"covered":7,"skipped":0,"pct":87.5}}
,"D:\\Project_claude_code\\political-destiny\\src\\game\\engine\\conditions.ts": {"lines":{"total":16,"covered":6,"skipped":0,"pct":37.5},"functions":{"total":4,"covered":3,"skipped":0,"pct":75},"statements":{"total":18,"covered":7,"skipped":0,"pct":38.88},"branches":{"total":16,"covered":3,"skipped":0,"pct":18.75}}
,"D:\\Project_claude_code\\political-destiny\\src\\game\\engine\\effectProcessor.ts": {"lines":{"total":95,"covered":67,"skipped":0,"pct":70.52},"functions":{"total":12,"covered":10,"skipped":0,"pct":83.33},"statements":{"total":108,"covered":71,"skipped":0,"pct":65.74},"branches":{"total":89,"covered":47,"skipped":0,"pct":52.8}}
,"D:\\Project_claude_code\\political-destiny\\src\\game\\engine\\election.ts": {"lines":{"total":75,"covered":72,"skipped":0,"pct":96},"functions":{"total":9,"covered":9,"skipped":0,"pct":100},"statements":{"total":80,"covered":74,"skipped":0,"pct":92.5},"branches":{"total":59,"covered":38,"skipped":0,"pct":64.4}}
,"D:\\Project_claude_code\\political-destiny\\src\\game\\engine\\electorate.ts": {"lines":{"total":59,"covered":57,"skipped":0,"pct":96.61},"functions":{"total":8,"covered":8,"skipped":0,"pct":100},"statements":{"total":60,"covered":57,"skipped":0,"pct":95},"branches":{"total":31,"covered":19,"skipped":0,"pct":61.29}}
,"D:\\Project_claude_code\\political-destiny\\src\\game\\engine\\endings.ts": {"lines":{"total":26,"covered":25,"skipped":0,"pct":96.15},"functions":{"total":3,"covered":3,"skipped":0,"pct":100},"statements":{"total":38,"covered":27,"skipped":0,"pct":71.05},"branches":{"total":51,"covered":34,"skipped":0,"pct":66.66}}
,"D:\\Project_claude_code\\political-destiny\\src\\game\\engine\\eventSelector.ts": {"lines":{"total":45,"covered":44,"skipped":0,"pct":97.77},"functions":{"total":13,"covered":11,"skipped":0,"pct":84.61},"statements":{"total":65,"covered":58,"skipped":0,"pct":89.23},"branches":{"total":76,"covered":70,"skipped":0,"pct":92.1}}
,"D:\\Project_claude_code\\political-destiny\\src\\game\\engine\\game.ts": {"lines":{"total":131,"covered":122,"skipped":0,"pct":93.12},"functions":{"total":18,"covered":16,"skipped":0,"pct":88.88},"statements":{"total":142,"covered":130,"skipped":0,"pct":91.54},"branches":{"total":91,"covered":70,"skipped":0,"pct":76.92}}
,"D:\\Project_claude_code\\political-destiny\\src\\game\\engine\\index.ts": {"lines":{"total":0,"covered":0,"skipped":0,"pct":100},"functions":{"total":0,"covered":0,"skipped":0,"pct":100},"statements":{"total":0,"covered":0,"skipped":0,"pct":100},"branches":{"total":0,"covered":0,"skipped":0,"pct":100}}
,"D:\\Project_claude_code\\political-destiny\\src\\game\\engine\\math.ts": {"lines":{"total":42,"covered":40,"skipped":0,"pct":95.23},"functions":{"total":22,"covered":18,"skipped":0,"pct":81.81},"statements":{"total":61,"covered":51,"skipped":0,"pct":83.6},"branches":{"total":34,"covered":23,"skipped":0,"pct":67.64}}
,"D:\\Project_claude_code\\political-destiny\\src\\game\\engine\\opponentSimulation.ts": {"lines":{"total":95,"covered":89,"skipped":0,"pct":93.68},"functions":{"total":7,"covered":7,"skipped":0,"pct":100},"statements":{"total":99,"covered":90,"skipped":0,"pct":90.9},"branches":{"total":78,"covered":64,"skipped":0,"pct":82.05}}
,"D:\\Project_claude_code\\political-destiny\\src\\game\\engine\\outcomeResolver.ts": {"lines":{"total":36,"covered":27,"skipped":0,"pct":75},"functions":{"total":7,"covered":6,"skipped":0,"pct":85.71},"statements":{"total":41,"covered":29,"skipped":0,"pct":70.73},"branches":{"total":33,"covered":11,"skipped":0,"pct":33.33}}
,"D:\\Project_claude_code\\political-destiny\\src\\game\\engine\\partyDynamics.ts": {"lines":{"total":33,"covered":32,"skipped":0,"pct":96.96},"functions":{"total":5,"covered":4,"skipped":0,"pct":80},"statements":{"total":38,"covered":33,"skipped":0,"pct":86.84},"branches":{"total":24,"covered":14,"skipped":0,"pct":58.33}}
,"D:\\Project_claude_code\\political-destiny\\src\\game\\engine\\polls.ts": {"lines":{"total":26,"covered":24,"skipped":0,"pct":92.3},"functions":{"total":2,"covered":2,"skipped":0,"pct":100},"statements":{"total":27,"covered":25,"skipped":0,"pct":92.59},"branches":{"total":23,"covered":13,"skipped":0,"pct":56.52}}
,"D:\\Project_claude_code\\political-destiny\\src\\game\\engine\\rng.ts": {"lines":{"total":41,"covered":33,"skipped":0,"pct":80.48},"functions":{"total":10,"covered":9,"skipped":0,"pct":90},"statements":{"total":48,"covered":38,"skipped":0,"pct":79.16},"branches":{"total":14,"covered":10,"skipped":0,"pct":71.42}}
,"D:\\Project_claude_code\\political-destiny\\src\\game\\engine\\scoring.ts": {"lines":{"total":34,"covered":33,"skipped":0,"pct":97.05},"functions":{"total":13,"covered":13,"skipped":0,"pct":100},"statements":{"total":35,"covered":33,"skipped":0,"pct":94.28},"branches":{"total":35,"covered":25,"skipped":0,"pct":71.42}}
,"D:\\Project_claude_code\\political-destiny\\src\\game\\engine\\validation.ts": {"lines":{"total":31,"covered":22,"skipped":0,"pct":70.96},"functions":{"total":3,"covered":3,"skipped":0,"pct":100},"statements":{"total":35,"covered":24,"skipped":0,"pct":68.57},"branches":{"total":44,"covered":33,"skipped":0,"pct":75}}
,"D:\\Project_claude_code\\political-destiny\\src\\game\\fixtures\\testContent.ts": {"lines":{"total":16,"covered":16,"skipped":0,"pct":100},"functions":{"total":8,"covered":8,"skipped":0,"pct":100},"statements":{"total":21,"covered":20,"skipped":0,"pct":95.23},"branches":{"total":16,"covered":13,"skipped":0,"pct":81.25}}
,"D:\\Project_claude_code\\political-destiny\\src\\game\\schemas\\content.ts": {"lines":{"total":19,"covered":19,"skipped":0,"pct":100},"functions":{"total":0,"covered":0,"skipped":0,"pct":100},"statements":{"total":19,"covered":19,"skipped":0,"pct":100},"branches":{"total":0,"covered":0,"skipped":0,"pct":100}}
,"D:\\Project_claude_code\\political-destiny\\src\\game\\schemas\\index.ts": {"lines":{"total":0,"covered":0,"skipped":0,"pct":100},"functions":{"total":0,"covered":0,"skipped":0,"pct":100},"statements":{"total":0,"covered":0,"skipped":0,"pct":100},"branches":{"total":0,"covered":0,"skipped":0,"pct":100}}
,"D:\\Project_claude_code\\political-destiny\\src\\lib\\game-presentation.ts": {"lines":{"total":9,"covered":8,"skipped":0,"pct":88.88},"functions":{"total":4,"covered":3,"skipped":0,"pct":75},"statements":{"total":9,"covered":8,"skipped":0,"pct":88.88},"branches":{"total":1,"covered":0,"skipped":0,"pct":0}}
,"D:\\Project_claude_code\\political-destiny\\src\\lib\\utils.ts": {"lines":{"total":1,"covered":1,"skipped":0,"pct":100},"functions":{"total":1,"covered":1,"skipped":0,"pct":100},"statements":{"total":1,"covered":1,"skipped":0,"pct":100},"branches":{"total":0,"covered":0,"skipped":0,"pct":100}}
,"D:\\Project_claude_code\\political-destiny\\src\\lib\\storage\\game-database.ts": {"lines":{"total":115,"covered":97,"skipped":0,"pct":84.34},"functions":{"total":30,"covered":25,"skipped":0,"pct":83.33},"statements":{"total":125,"covered":102,"skipped":0,"pct":81.6},"branches":{"total":134,"covered":106,"skipped":0,"pct":79.1}}
}
